<?xml version="1.0" encoding="UTF-8"?>
<testsuite name="scrap.heap.refactor.OrderTest" tests="1" skipped="0" failures="0" errors="0" timestamp="2019-12-09T08:43:18" hostname="SF-US04044-MBP15.local" time="0.004">
  <properties/>
  <testcase name="testSampleOrder" classname="scrap.heap.refactor.OrderTest" time="0.004"/>
  <system-out><![CDATA[]]></system-out>
  <system-err><![CDATA[]]></system-err>
</testsuite>
