<?xml version="1.0" encoding="UTF-8"?>
<testsuite name="scrap.heap.refactor.OrderTest" tests="1" skipped="0" failures="1" errors="0" timestamp="2019-12-09T08:20:38" hostname="SF-US04044-MBP15.local" time="0.006">
  <properties/>
  <testcase name="testSampleOrder" classname="scrap.heap.refactor.OrderTest" time="0.006">
    <failure message="java.lang.StackOverflowError" type="java.lang.StackOverflowError">java.lang.StackOverflowError
	at scrap.heap.refactor.balloon.BirthdayPartyBalloon.&lt;init&gt;(BirthdayPartyBalloon.java:6)
	at scrap.heap.refactor.balloon.BirthdayPartyBalloon.&lt;init&gt;(BirthdayPartyBalloon.java:6)
	at scrap.heap.refactor.balloon.BirthdayPartyBalloon.&lt;init&gt;(BirthdayPartyBalloon.java:6)
	at scrap.heap.refactor.balloon.BirthdayPartyBalloon.&lt;init&gt;(BirthdayPartyBalloon.java:6)
	at scrap.heap.refactor.balloon.BirthdayPartyBalloon.&lt;init&gt;(BirthdayPartyBalloon.java:6)
	at scrap.heap.refactor.balloon.BirthdayPartyBalloon.&lt;init&gt;(BirthdayPartyBalloon.java:6)
	at scrap.heap.refactor.balloon.BirthdayPartyBalloon.&lt;init&gt;(BirthdayPartyBalloon.java:6)
	at scrap.heap.refactor.balloon.BirthdayPartyBalloon.&lt;init&gt;(BirthdayPartyBalloon.java:6)
	at scrap.heap.refactor.balloon.BirthdayPartyBalloon.&lt;init&gt;(BirthdayPartyBalloon.java:6)
	at scrap.heap.refactor.balloon.BirthdayPartyBalloon.&lt;init&gt;(BirthdayPartyBalloon.java:6)
	at scrap.heap.refactor.balloon.BirthdayPartyBalloon.&lt;init&gt;(BirthdayPartyBalloon.java:6)
	at scrap.heap.refactor.balloon.BirthdayPartyBalloon.&lt;init&gt;(BirthdayPartyBalloon.java:6)
	at scrap.heap.refactor.balloon.BirthdayPartyBalloon.&lt;init&gt;(BirthdayPartyBalloon.java:6)
	at scrap.heap.refactor.balloon.BirthdayPartyBalloon.&lt;init&gt;(BirthdayPartyBalloon.java:6)
	at scrap.heap.refactor.balloon.BirthdayPartyBalloon.&lt;init&gt;(BirthdayPartyBalloon.java:6)
	at scrap.heap.refactor.balloon.BirthdayPartyBalloon.&lt;init&gt;(BirthdayPartyBalloon.java:6)
	at scrap.heap.refactor.balloon.BirthdayPartyBalloon.&lt;init&gt;(BirthdayPartyBalloon.java:6)
	at scrap.heap.refactor.balloon.BirthdayPartyBalloon.&lt;init&gt;(BirthdayPartyBalloon.java:6)
	at scrap.heap.refactor.balloon.BirthdayPartyBalloon.&lt;init&gt;(BirthdayPartyBalloon.java:6)
	at scrap.heap.refactor.balloon.BirthdayPartyBalloon.&lt;init&gt;(BirthdayPartyBalloon.java:6)
	at scrap.heap.refactor.balloon.BirthdayPartyBalloon.&lt;init&gt;(BirthdayPartyBalloon.java:6)
	at scrap.heap.refactor.balloon.BirthdayPartyBalloon.&lt;init&gt;(BirthdayPartyBalloon.java:6)
	at scrap.heap.refactor.balloon.BirthdayPartyBalloon.&lt;init&gt;(BirthdayPartyBalloon.java:6)
	at scrap.heap.refactor.balloon.BirthdayPartyBalloon.&lt;init&gt;(BirthdayPartyBalloon.java:6)
	at scrap.heap.refactor.balloon.BirthdayPartyBalloon.&lt;init&gt;(BirthdayPartyBalloon.java:6)
	at scrap.heap.refactor.balloon.BirthdayPartyBalloon.&lt;init&gt;(BirthdayPartyBalloon.java:6)
	at scrap.heap.refactor.balloon.BirthdayPartyBalloon.&lt;init&gt;(BirthdayPartyBalloon.java:6)
	at scrap.heap.refactor.balloon.BirthdayPartyBalloon.&lt;init&gt;(BirthdayPartyBalloon.java:6)
	at scrap.heap.refactor.balloon.BirthdayPartyBalloon.&lt;init&gt;(BirthdayPartyBalloon.java:6)
	at scrap.heap.refactor.balloon.BirthdayPartyBalloon.&lt;init&gt;(BirthdayPartyBalloon.java:6)
	at scrap.heap.refactor.balloon.BirthdayPartyBalloon.&lt;init&gt;(BirthdayPartyBalloon.java:6)
	at scrap.heap.refactor.balloon.BirthdayPartyBalloon.&lt;init&gt;(BirthdayPartyBalloon.java:6)
	at scrap.heap.refactor.balloon.BirthdayPartyBalloon.&lt;init&gt;(BirthdayPartyBalloon.java:6)
	at scrap.heap.refactor.balloon.BirthdayPartyBalloon.&lt;init&gt;(BirthdayPartyBalloon.java:6)
	at scrap.heap.refactor.balloon.BirthdayPartyBalloon.&lt;init&gt;(BirthdayPartyBalloon.java:6)
	at scrap.heap.refactor.balloon.BirthdayPartyBalloon.&lt;init&gt;(BirthdayPartyBalloon.java:6)
	at scrap.heap.refactor.balloon.BirthdayPartyBalloon.&lt;init&gt;(BirthdayPartyBalloon.java:6)
	at scrap.heap.refactor.balloon.BirthdayPartyBalloon.&lt;init&gt;(BirthdayPartyBalloon.java:6)
	at scrap.heap.refactor.balloon.BirthdayPartyBalloon.&lt;init&gt;(BirthdayPartyBalloon.java:6)
	at scrap.heap.refactor.balloon.BirthdayPartyBalloon.&lt;init&gt;(BirthdayPartyBalloon.java:6)
	at scrap.heap.refactor.balloon.BirthdayPartyBalloon.&lt;init&gt;(BirthdayPartyBalloon.java:6)
	at scrap.heap.refactor.balloon.BirthdayPartyBalloon.&lt;init&gt;(BirthdayPartyBalloon.java:6)
	at scrap.heap.refactor.balloon.BirthdayPartyBalloon.&lt;init&gt;(BirthdayPartyBalloon.java:6)
	at scrap.heap.refactor.balloon.BirthdayPartyBalloon.&lt;init&gt;(BirthdayPartyBalloon.java:6)
	at scrap.heap.refactor.balloon.BirthdayPartyBalloon.&lt;init&gt;(BirthdayPartyBalloon.java:6)
	at scrap.heap.refactor.balloon.BirthdayPartyBalloon.&lt;init&gt;(BirthdayPartyBalloon.java:6)
	at scrap.heap.refactor.balloon.BirthdayPartyBalloon.&lt;init&gt;(BirthdayPartyBalloon.java:6)
	at scrap.heap.refactor.balloon.BirthdayPartyBalloon.&lt;init&gt;(BirthdayPartyBalloon.java:6)
	at scrap.heap.refactor.balloon.BirthdayPartyBalloon.&lt;init&gt;(BirthdayPartyBalloon.java:6)
	at scrap.heap.refactor.balloon.BirthdayPartyBalloon.&lt;init&gt;(BirthdayPartyBalloon.java:6)
	at scrap.heap.refactor.balloon.BirthdayPartyBalloon.&lt;init&gt;(BirthdayPartyBalloon.java:6)
	at scrap.heap.refactor.balloon.BirthdayPartyBalloon.&lt;init&gt;(BirthdayPartyBalloon.java:6)
	at scrap.heap.refactor.balloon.BirthdayPartyBalloon.&lt;init&gt;(BirthdayPartyBalloon.java:6)
	at scrap.heap.refactor.balloon.BirthdayPartyBalloon.&lt;init&gt;(BirthdayPartyBalloon.java:6)
	at scrap.heap.refactor.balloon.BirthdayPartyBalloon.&lt;init&gt;(BirthdayPartyBalloon.java:6)
	at scrap.heap.refactor.balloon.BirthdayPartyBalloon.&lt;init&gt;(BirthdayPartyBalloon.java:6)
	at scrap.heap.refactor.balloon.BirthdayPartyBalloon.&lt;init&gt;(BirthdayPartyBalloon.java:6)
	at scrap.heap.refactor.balloon.BirthdayPartyBalloon.&lt;init&gt;(BirthdayPartyBalloon.java:6)
	at scrap.heap.refactor.balloon.BirthdayPartyBalloon.&lt;init&gt;(BirthdayPartyBalloon.java:6)
	at scrap.heap.refactor.balloon.BirthdayPartyBalloon.&lt;init&gt;(BirthdayPartyBalloon.java:6)
	at scrap.heap.refactor.balloon.BirthdayPartyBalloon.&lt;init&gt;(BirthdayPartyBalloon.java:6)
	at scrap.heap.refactor.balloon.BirthdayPartyBalloon.&lt;init&gt;(BirthdayPartyBalloon.java:6)
	at scrap.heap.refactor.balloon.BirthdayPartyBalloon.&lt;init&gt;(BirthdayPartyBalloon.java:6)
	at scrap.heap.refactor.balloon.BirthdayPartyBalloon.&lt;init&gt;(BirthdayPartyBalloon.java:6)
	at scrap.heap.refactor.balloon.BirthdayPartyBalloon.&lt;init&gt;(BirthdayPartyBalloon.java:6)
	at scrap.heap.refactor.balloon.BirthdayPartyBalloon.&lt;init&gt;(BirthdayPartyBalloon.java:6)
	at scrap.heap.refactor.balloon.BirthdayPartyBalloon.&lt;init&gt;(BirthdayPartyBalloon.java:6)
	at scrap.heap.refactor.balloon.BirthdayPartyBalloon.&lt;init&gt;(BirthdayPartyBalloon.java:6)
	at scrap.heap.refactor.balloon.BirthdayPartyBalloon.&lt;init&gt;(BirthdayPartyBalloon.java:6)
	at scrap.heap.refactor.balloon.BirthdayPartyBalloon.&lt;init&gt;(BirthdayPartyBalloon.java:6)
	at scrap.heap.refactor.balloon.BirthdayPartyBalloon.&lt;init&gt;(BirthdayPartyBalloon.java:6)
	at scrap.heap.refactor.balloon.BirthdayPartyBalloon.&lt;init&gt;(BirthdayPartyBalloon.java:6)
	at scrap.heap.refactor.balloon.BirthdayPartyBalloon.&lt;init&gt;(BirthdayPartyBalloon.java:6)
	at scrap.heap.refactor.balloon.BirthdayPartyBalloon.&lt;init&gt;(BirthdayPartyBalloon.java:6)
	at scrap.heap.refactor.balloon.BirthdayPartyBalloon.&lt;init&gt;(BirthdayPartyBalloon.java:6)
	at scrap.heap.refactor.balloon.BirthdayPartyBalloon.&lt;init&gt;(BirthdayPartyBalloon.java:6)
	at scrap.heap.refactor.balloon.BirthdayPartyBalloon.&lt;init&gt;(BirthdayPartyBalloon.java:6)
	at scrap.heap.refactor.balloon.BirthdayPartyBalloon.&lt;init&gt;(BirthdayPartyBalloon.java:6)
	at scrap.heap.refactor.balloon.BirthdayPartyBalloon.&lt;init&gt;(BirthdayPartyBalloon.java:6)
	at scrap.heap.refactor.balloon.BirthdayPartyBalloon.&lt;init&gt;(BirthdayPartyBalloon.java:6)
	at scrap.heap.refactor.balloon.BirthdayPartyBalloon.&lt;init&gt;(BirthdayPartyBalloon.java:6)
	at scrap.heap.refactor.balloon.BirthdayPartyBalloon.&lt;init&gt;(BirthdayPartyBalloon.java:6)
	at scrap.heap.refactor.balloon.BirthdayPartyBalloon.&lt;init&gt;(BirthdayPartyBalloon.java:6)
	at scrap.heap.refactor.balloon.BirthdayPartyBalloon.&lt;init&gt;(BirthdayPartyBalloon.java:6)
	at scrap.heap.refactor.balloon.BirthdayPartyBalloon.&lt;init&gt;(BirthdayPartyBalloon.java:6)
	at scrap.heap.refactor.balloon.BirthdayPartyBalloon.&lt;init&gt;(BirthdayPartyBalloon.java:6)
	at scrap.heap.refactor.balloon.BirthdayPartyBalloon.&lt;init&gt;(BirthdayPartyBalloon.java:6)
	at scrap.heap.refactor.balloon.BirthdayPartyBalloon.&lt;init&gt;(BirthdayPartyBalloon.java:6)
	at scrap.heap.refactor.balloon.BirthdayPartyBalloon.&lt;init&gt;(BirthdayPartyBalloon.java:6)
	at scrap.heap.refactor.balloon.BirthdayPartyBalloon.&lt;init&gt;(BirthdayPartyBalloon.java:6)
	at scrap.heap.refactor.balloon.BirthdayPartyBalloon.&lt;init&gt;(BirthdayPartyBalloon.java:6)
	at scrap.heap.refactor.balloon.BirthdayPartyBalloon.&lt;init&gt;(BirthdayPartyBalloon.java:6)
	at scrap.heap.refactor.balloon.BirthdayPartyBalloon.&lt;init&gt;(BirthdayPartyBalloon.java:6)
	at scrap.heap.refactor.balloon.BirthdayPartyBalloon.&lt;init&gt;(BirthdayPartyBalloon.java:6)
	at scrap.heap.refactor.balloon.BirthdayPartyBalloon.&lt;init&gt;(BirthdayPartyBalloon.java:6)
	at scrap.heap.refactor.balloon.BirthdayPartyBalloon.&lt;init&gt;(BirthdayPartyBalloon.java:6)
	at scrap.heap.refactor.balloon.BirthdayPartyBalloon.&lt;init&gt;(BirthdayPartyBalloon.java:6)
	at scrap.heap.refactor.balloon.BirthdayPartyBalloon.&lt;init&gt;(BirthdayPartyBalloon.java:6)
	at scrap.heap.refactor.balloon.BirthdayPartyBalloon.&lt;init&gt;(BirthdayPartyBalloon.java:6)
	at scrap.heap.refactor.balloon.BirthdayPartyBalloon.&lt;init&gt;(BirthdayPartyBalloon.java:6)
	at scrap.heap.refactor.balloon.BirthdayPartyBalloon.&lt;init&gt;(BirthdayPartyBalloon.java:6)
	at scrap.heap.refactor.balloon.BirthdayPartyBalloon.&lt;init&gt;(BirthdayPartyBalloon.java:6)
	at scrap.heap.refactor.balloon.BirthdayPartyBalloon.&lt;init&gt;(BirthdayPartyBalloon.java:6)
	at scrap.heap.refactor.balloon.BirthdayPartyBalloon.&lt;init&gt;(BirthdayPartyBalloon.java:6)
	at scrap.heap.refactor.balloon.BirthdayPartyBalloon.&lt;init&gt;(BirthdayPartyBalloon.java:6)
	at scrap.heap.refactor.balloon.BirthdayPartyBalloon.&lt;init&gt;(BirthdayPartyBalloon.java:6)
	at scrap.heap.refactor.balloon.BirthdayPartyBalloon.&lt;init&gt;(BirthdayPartyBalloon.java:6)
	at scrap.heap.refactor.balloon.BirthdayPartyBalloon.&lt;init&gt;(BirthdayPartyBalloon.java:6)
	at scrap.heap.refactor.balloon.BirthdayPartyBalloon.&lt;init&gt;(BirthdayPartyBalloon.java:6)
	at scrap.heap.refactor.balloon.BirthdayPartyBalloon.&lt;init&gt;(BirthdayPartyBalloon.java:6)
	at scrap.heap.refactor.balloon.BirthdayPartyBalloon.&lt;init&gt;(BirthdayPartyBalloon.java:6)
	at scrap.heap.refactor.balloon.BirthdayPartyBalloon.&lt;init&gt;(BirthdayPartyBalloon.java:6)
	at scrap.heap.refactor.balloon.BirthdayPartyBalloon.&lt;init&gt;(BirthdayPartyBalloon.java:6)
	at scrap.heap.refactor.balloon.BirthdayPartyBalloon.&lt;init&gt;(BirthdayPartyBalloon.java:6)
	at scrap.heap.refactor.balloon.BirthdayPartyBalloon.&lt;init&gt;(BirthdayPartyBalloon.java:6)
	at scrap.heap.refactor.balloon.BirthdayPartyBalloon.&lt;init&gt;(BirthdayPartyBalloon.java:6)
	at scrap.heap.refactor.balloon.BirthdayPartyBalloon.&lt;init&gt;(BirthdayPartyBalloon.java:6)
	at scrap.heap.refactor.balloon.BirthdayPartyBalloon.&lt;init&gt;(BirthdayPartyBalloon.java:6)
	at scrap.heap.refactor.balloon.BirthdayPartyBalloon.&lt;init&gt;(BirthdayPartyBalloon.java:6)
	at scrap.heap.refactor.balloon.BirthdayPartyBalloon.&lt;init&gt;(BirthdayPartyBalloon.java:6)
	at scrap.heap.refactor.balloon.BirthdayPartyBalloon.&lt;init&gt;(BirthdayPartyBalloon.java:6)
	at scrap.heap.refactor.balloon.BirthdayPartyBalloon.&lt;init&gt;(BirthdayPartyBalloon.java:6)
	at scrap.heap.refactor.balloon.BirthdayPartyBalloon.&lt;init&gt;(BirthdayPartyBalloon.java:6)
	at scrap.heap.refactor.balloon.BirthdayPartyBalloon.&lt;init&gt;(BirthdayPartyBalloon.java:6)
	at scrap.heap.refactor.balloon.BirthdayPartyBalloon.&lt;init&gt;(BirthdayPartyBalloon.java:6)
	at scrap.heap.refactor.balloon.BirthdayPartyBalloon.&lt;init&gt;(BirthdayPartyBalloon.java:6)
	at scrap.heap.refactor.balloon.BirthdayPartyBalloon.&lt;init&gt;(BirthdayPartyBalloon.java:6)
	at scrap.heap.refactor.balloon.BirthdayPartyBalloon.&lt;init&gt;(BirthdayPartyBalloon.java:6)
	at scrap.heap.refactor.balloon.BirthdayPartyBalloon.&lt;init&gt;(BirthdayPartyBalloon.java:6)
	at scrap.heap.refactor.balloon.BirthdayPartyBalloon.&lt;init&gt;(BirthdayPartyBalloon.java:6)
	at scrap.heap.refactor.balloon.BirthdayPartyBalloon.&lt;init&gt;(BirthdayPartyBalloon.java:6)
	at scrap.heap.refactor.balloon.BirthdayPartyBalloon.&lt;init&gt;(BirthdayPartyBalloon.java:6)
	at scrap.heap.refactor.balloon.BirthdayPartyBalloon.&lt;init&gt;(BirthdayPartyBalloon.java:6)
	at scrap.heap.refactor.balloon.BirthdayPartyBalloon.&lt;init&gt;(BirthdayPartyBalloon.java:6)
	at scrap.heap.refactor.balloon.BirthdayPartyBalloon.&lt;init&gt;(BirthdayPartyBalloon.java:6)
	at scrap.heap.refactor.balloon.BirthdayPartyBalloon.&lt;init&gt;(BirthdayPartyBalloon.java:6)
	at scrap.heap.refactor.balloon.BirthdayPartyBalloon.&lt;init&gt;(BirthdayPartyBalloon.java:6)
	at scrap.heap.refactor.balloon.BirthdayPartyBalloon.&lt;init&gt;(BirthdayPartyBalloon.java:6)
	at scrap.heap.refactor.balloon.BirthdayPartyBalloon.&lt;init&gt;(BirthdayPartyBalloon.java:6)
	at scrap.heap.refactor.balloon.BirthdayPartyBalloon.&lt;init&gt;(BirthdayPartyBalloon.java:6)
	at scrap.heap.refactor.balloon.BirthdayPartyBalloon.&lt;init&gt;(BirthdayPartyBalloon.java:6)
	at scrap.heap.refactor.balloon.BirthdayPartyBalloon.&lt;init&gt;(BirthdayPartyBalloon.java:6)
	at scrap.heap.refactor.balloon.BirthdayPartyBalloon.&lt;init&gt;(BirthdayPartyBalloon.java:6)
	at scrap.heap.refactor.balloon.BirthdayPartyBalloon.&lt;init&gt;(BirthdayPartyBalloon.java:6)
	at scrap.heap.refactor.balloon.BirthdayPartyBalloon.&lt;init&gt;(BirthdayPartyBalloon.java:6)
	at scrap.heap.refactor.balloon.BirthdayPartyBalloon.&lt;init&gt;(BirthdayPartyBalloon.java:6)
	at scrap.heap.refactor.balloon.BirthdayPartyBalloon.&lt;init&gt;(BirthdayPartyBalloon.java:6)
	at scrap.heap.refactor.balloon.BirthdayPartyBalloon.&lt;init&gt;(BirthdayPartyBalloon.java:6)
	at scrap.heap.refactor.balloon.BirthdayPartyBalloon.&lt;init&gt;(BirthdayPartyBalloon.java:6)
	at scrap.heap.refactor.balloon.BirthdayPartyBalloon.&lt;init&gt;(BirthdayPartyBalloon.java:6)
	at scrap.heap.refactor.balloon.BirthdayPartyBalloon.&lt;init&gt;(BirthdayPartyBalloon.java:6)
	at scrap.heap.refactor.balloon.BirthdayPartyBalloon.&lt;init&gt;(BirthdayPartyBalloon.java:6)
	at scrap.heap.refactor.balloon.BirthdayPartyBalloon.&lt;init&gt;(BirthdayPartyBalloon.java:6)
	at scrap.heap.refactor.balloon.BirthdayPartyBalloon.&lt;init&gt;(BirthdayPartyBalloon.java:6)
	at scrap.heap.refactor.balloon.BirthdayPartyBalloon.&lt;init&gt;(BirthdayPartyBalloon.java:6)
	at scrap.heap.refactor.balloon.BirthdayPartyBalloon.&lt;init&gt;(BirthdayPartyBalloon.java:6)
	at scrap.heap.refactor.balloon.BirthdayPartyBalloon.&lt;init&gt;(BirthdayPartyBalloon.java:6)
	at scrap.heap.refactor.balloon.BirthdayPartyBalloon.&lt;init&gt;(BirthdayPartyBalloon.java:6)
	at scrap.heap.refactor.balloon.BirthdayPartyBalloon.&lt;init&gt;(BirthdayPartyBalloon.java:6)
	at scrap.heap.refactor.balloon.BirthdayPartyBalloon.&lt;init&gt;(BirthdayPartyBalloon.java:6)
	at scrap.heap.refactor.balloon.BirthdayPartyBalloon.&lt;init&gt;(BirthdayPartyBalloon.java:6)
	at scrap.heap.refactor.balloon.BirthdayPartyBalloon.&lt;init&gt;(BirthdayPartyBalloon.java:6)
	at scrap.heap.refactor.balloon.BirthdayPartyBalloon.&lt;init&gt;(BirthdayPartyBalloon.java:6)
	at scrap.heap.refactor.balloon.BirthdayPartyBalloon.&lt;init&gt;(BirthdayPartyBalloon.java:6)
	at scrap.heap.refactor.balloon.BirthdayPartyBalloon.&lt;init&gt;(BirthdayPartyBalloon.java:6)
	at scrap.heap.refactor.balloon.BirthdayPartyBalloon.&lt;init&gt;(BirthdayPartyBalloon.java:6)
	at scrap.heap.refactor.balloon.BirthdayPartyBalloon.&lt;init&gt;(BirthdayPartyBalloon.java:6)
	at scrap.heap.refactor.balloon.BirthdayPartyBalloon.&lt;init&gt;(BirthdayPartyBalloon.java:6)
	at scrap.heap.refactor.balloon.BirthdayPartyBalloon.&lt;init&gt;(BirthdayPartyBalloon.java:6)
	at scrap.heap.refactor.balloon.BirthdayPartyBalloon.&lt;init&gt;(BirthdayPartyBalloon.java:6)
	at scrap.heap.refactor.balloon.BirthdayPartyBalloon.&lt;init&gt;(BirthdayPartyBalloon.java:6)
	at scrap.heap.refactor.balloon.BirthdayPartyBalloon.&lt;init&gt;(BirthdayPartyBalloon.java:6)
	at scrap.heap.refactor.balloon.BirthdayPartyBalloon.&lt;init&gt;(BirthdayPartyBalloon.java:6)
	at scrap.heap.refactor.balloon.BirthdayPartyBalloon.&lt;init&gt;(BirthdayPartyBalloon.java:6)
	at scrap.heap.refactor.balloon.BirthdayPartyBalloon.&lt;init&gt;(BirthdayPartyBalloon.java:6)
	at scrap.heap.refactor.balloon.BirthdayPartyBalloon.&lt;init&gt;(BirthdayPartyBalloon.java:6)
	at scrap.heap.refactor.balloon.BirthdayPartyBalloon.&lt;init&gt;(BirthdayPartyBalloon.java:6)
	at scrap.heap.refactor.balloon.BirthdayPartyBalloon.&lt;init&gt;(BirthdayPartyBalloon.java:6)
	at scrap.heap.refactor.balloon.BirthdayPartyBalloon.&lt;init&gt;(BirthdayPartyBalloon.java:6)
	at scrap.heap.refactor.balloon.BirthdayPartyBalloon.&lt;init&gt;(BirthdayPartyBalloon.java:6)
	at scrap.heap.refactor.balloon.BirthdayPartyBalloon.&lt;init&gt;(BirthdayPartyBalloon.java:6)
	at scrap.heap.refactor.balloon.BirthdayPartyBalloon.&lt;init&gt;(BirthdayPartyBalloon.java:6)
	at scrap.heap.refactor.balloon.BirthdayPartyBalloon.&lt;init&gt;(BirthdayPartyBalloon.java:6)
	at scrap.heap.refactor.balloon.BirthdayPartyBalloon.&lt;init&gt;(BirthdayPartyBalloon.java:6)
	at scrap.heap.refactor.balloon.BirthdayPartyBalloon.&lt;init&gt;(BirthdayPartyBalloon.java:6)
	at scrap.heap.refactor.balloon.BirthdayPartyBalloon.&lt;init&gt;(BirthdayPartyBalloon.java:6)
	at scrap.heap.refactor.balloon.BirthdayPartyBalloon.&lt;init&gt;(BirthdayPartyBalloon.java:6)
	at scrap.heap.refactor.balloon.BirthdayPartyBalloon.&lt;init&gt;(BirthdayPartyBalloon.java:6)
	at scrap.heap.refactor.balloon.BirthdayPartyBalloon.&lt;init&gt;(BirthdayPartyBalloon.java:6)
	at scrap.heap.refactor.balloon.BirthdayPartyBalloon.&lt;init&gt;(BirthdayPartyBalloon.java:6)
	at scrap.heap.refactor.balloon.BirthdayPartyBalloon.&lt;init&gt;(BirthdayPartyBalloon.java:6)
	at scrap.heap.refactor.balloon.BirthdayPartyBalloon.&lt;init&gt;(BirthdayPartyBalloon.java:6)
	at scrap.heap.refactor.balloon.BirthdayPartyBalloon.&lt;init&gt;(BirthdayPartyBalloon.java:6)
	at scrap.heap.refactor.balloon.BirthdayPartyBalloon.&lt;init&gt;(BirthdayPartyBalloon.java:6)
	at scrap.heap.refactor.balloon.BirthdayPartyBalloon.&lt;init&gt;(BirthdayPartyBalloon.java:6)
	at scrap.heap.refactor.balloon.BirthdayPartyBalloon.&lt;init&gt;(BirthdayPartyBalloon.java:6)
	at scrap.heap.refactor.balloon.BirthdayPartyBalloon.&lt;init&gt;(BirthdayPartyBalloon.java:6)
	at scrap.heap.refactor.balloon.BirthdayPartyBalloon.&lt;init&gt;(BirthdayPartyBalloon.java:6)
	at scrap.heap.refactor.balloon.BirthdayPartyBalloon.&lt;init&gt;(BirthdayPartyBalloon.java:6)
	at scrap.heap.refactor.balloon.BirthdayPartyBalloon.&lt;init&gt;(BirthdayPartyBalloon.java:6)
	at scrap.heap.refactor.balloon.BirthdayPartyBalloon.&lt;init&gt;(BirthdayPartyBalloon.java:6)
	at scrap.heap.refactor.balloon.BirthdayPartyBalloon.&lt;init&gt;(BirthdayPartyBalloon.java:6)
	at scrap.heap.refactor.balloon.BirthdayPartyBalloon.&lt;init&gt;(BirthdayPartyBalloon.java:6)
	at scrap.heap.refactor.balloon.BirthdayPartyBalloon.&lt;init&gt;(BirthdayPartyBalloon.java:6)
	at scrap.heap.refactor.balloon.BirthdayPartyBalloon.&lt;init&gt;(BirthdayPartyBalloon.java:6)
	at scrap.heap.refactor.balloon.BirthdayPartyBalloon.&lt;init&gt;(BirthdayPartyBalloon.java:6)
	at scrap.heap.refactor.balloon.BirthdayPartyBalloon.&lt;init&gt;(BirthdayPartyBalloon.java:6)
	at scrap.heap.refactor.balloon.BirthdayPartyBalloon.&lt;init&gt;(BirthdayPartyBalloon.java:6)
	at scrap.heap.refactor.balloon.BirthdayPartyBalloon.&lt;init&gt;(BirthdayPartyBalloon.java:6)
	at scrap.heap.refactor.balloon.BirthdayPartyBalloon.&lt;init&gt;(BirthdayPartyBalloon.java:6)
	at scrap.heap.refactor.balloon.BirthdayPartyBalloon.&lt;init&gt;(BirthdayPartyBalloon.java:6)
	at scrap.heap.refactor.balloon.BirthdayPartyBalloon.&lt;init&gt;(BirthdayPartyBalloon.java:6)
	at scrap.heap.refactor.balloon.BirthdayPartyBalloon.&lt;init&gt;(BirthdayPartyBalloon.java:6)
	at scrap.heap.refactor.balloon.BirthdayPartyBalloon.&lt;init&gt;(BirthdayPartyBalloon.java:6)
	at scrap.heap.refactor.balloon.BirthdayPartyBalloon.&lt;init&gt;(BirthdayPartyBalloon.java:6)
	at scrap.heap.refactor.balloon.BirthdayPartyBalloon.&lt;init&gt;(BirthdayPartyBalloon.java:6)
	at scrap.heap.refactor.balloon.BirthdayPartyBalloon.&lt;init&gt;(BirthdayPartyBalloon.java:6)
	at scrap.heap.refactor.balloon.BirthdayPartyBalloon.&lt;init&gt;(BirthdayPartyBalloon.java:6)
	at scrap.heap.refactor.balloon.BirthdayPartyBalloon.&lt;init&gt;(BirthdayPartyBalloon.java:6)
	at scrap.heap.refactor.balloon.BirthdayPartyBalloon.&lt;init&gt;(BirthdayPartyBalloon.java:6)
	at scrap.heap.refactor.balloon.BirthdayPartyBalloon.&lt;init&gt;(BirthdayPartyBalloon.java:6)
	at scrap.heap.refactor.balloon.BirthdayPartyBalloon.&lt;init&gt;(BirthdayPartyBalloon.java:6)
	at scrap.heap.refactor.balloon.BirthdayPartyBalloon.&lt;init&gt;(BirthdayPartyBalloon.java:6)
	at scrap.heap.refactor.balloon.BirthdayPartyBalloon.&lt;init&gt;(BirthdayPartyBalloon.java:6)
	at scrap.heap.refactor.balloon.BirthdayPartyBalloon.&lt;init&gt;(BirthdayPartyBalloon.java:6)
	at scrap.heap.refactor.balloon.BirthdayPartyBalloon.&lt;init&gt;(BirthdayPartyBalloon.java:6)
	at scrap.heap.refactor.balloon.BirthdayPartyBalloon.&lt;init&gt;(BirthdayPartyBalloon.java:6)
	at scrap.heap.refactor.balloon.BirthdayPartyBalloon.&lt;init&gt;(BirthdayPartyBalloon.java:6)
	at scrap.heap.refactor.balloon.BirthdayPartyBalloon.&lt;init&gt;(BirthdayPartyBalloon.java:6)
	at scrap.heap.refactor.balloon.BirthdayPartyBalloon.&lt;init&gt;(BirthdayPartyBalloon.java:6)
	at scrap.heap.refactor.balloon.BirthdayPartyBalloon.&lt;init&gt;(BirthdayPartyBalloon.java:6)
	at scrap.heap.refactor.balloon.BirthdayPartyBalloon.&lt;init&gt;(BirthdayPartyBalloon.java:6)
	at scrap.heap.refactor.balloon.BirthdayPartyBalloon.&lt;init&gt;(BirthdayPartyBalloon.java:6)
	at scrap.heap.refactor.balloon.BirthdayPartyBalloon.&lt;init&gt;(BirthdayPartyBalloon.java:6)
	at scrap.heap.refactor.balloon.BirthdayPartyBalloon.&lt;init&gt;(BirthdayPartyBalloon.java:6)
	at scrap.heap.refactor.balloon.BirthdayPartyBalloon.&lt;init&gt;(BirthdayPartyBalloon.java:6)
	at scrap.heap.refactor.balloon.BirthdayPartyBalloon.&lt;init&gt;(BirthdayPartyBalloon.java:6)
	at scrap.heap.refactor.balloon.BirthdayPartyBalloon.&lt;init&gt;(BirthdayPartyBalloon.java:6)
	at scrap.heap.refactor.balloon.BirthdayPartyBalloon.&lt;init&gt;(BirthdayPartyBalloon.java:6)
	at scrap.heap.refactor.balloon.BirthdayPartyBalloon.&lt;init&gt;(BirthdayPartyBalloon.java:6)
	at scrap.heap.refactor.balloon.BirthdayPartyBalloon.&lt;init&gt;(BirthdayPartyBalloon.java:6)
	at scrap.heap.refactor.balloon.BirthdayPartyBalloon.&lt;init&gt;(BirthdayPartyBalloon.java:6)
	at scrap.heap.refactor.balloon.BirthdayPartyBalloon.&lt;init&gt;(BirthdayPartyBalloon.java:6)
	at scrap.heap.refactor.balloon.BirthdayPartyBalloon.&lt;init&gt;(BirthdayPartyBalloon.java:6)
	at scrap.heap.refactor.balloon.BirthdayPartyBalloon.&lt;init&gt;(BirthdayPartyBalloon.java:6)
	at scrap.heap.refactor.balloon.BirthdayPartyBalloon.&lt;init&gt;(BirthdayPartyBalloon.java:6)
	at scrap.heap.refactor.balloon.BirthdayPartyBalloon.&lt;init&gt;(BirthdayPartyBalloon.java:6)
	at scrap.heap.refactor.balloon.BirthdayPartyBalloon.&lt;init&gt;(BirthdayPartyBalloon.java:6)
	at scrap.heap.refactor.balloon.BirthdayPartyBalloon.&lt;init&gt;(BirthdayPartyBalloon.java:6)
	at scrap.heap.refactor.balloon.BirthdayPartyBalloon.&lt;init&gt;(BirthdayPartyBalloon.java:6)
	at scrap.heap.refactor.balloon.BirthdayPartyBalloon.&lt;init&gt;(BirthdayPartyBalloon.java:6)
	at scrap.heap.refactor.balloon.BirthdayPartyBalloon.&lt;init&gt;(BirthdayPartyBalloon.java:6)
	at scrap.heap.refactor.balloon.BirthdayPartyBalloon.&lt;init&gt;(BirthdayPartyBalloon.java:6)
	at scrap.heap.refactor.balloon.BirthdayPartyBalloon.&lt;init&gt;(BirthdayPartyBalloon.java:6)
	at scrap.heap.refactor.balloon.BirthdayPartyBalloon.&lt;init&gt;(BirthdayPartyBalloon.java:6)
	at scrap.heap.refactor.balloon.BirthdayPartyBalloon.&lt;init&gt;(BirthdayPartyBalloon.java:6)
	at scrap.heap.refactor.balloon.BirthdayPartyBalloon.&lt;init&gt;(BirthdayPartyBalloon.java:6)
	at scrap.heap.refactor.balloon.BirthdayPartyBalloon.&lt;init&gt;(BirthdayPartyBalloon.java:6)
	at scrap.heap.refactor.balloon.BirthdayPartyBalloon.&lt;init&gt;(BirthdayPartyBalloon.java:6)
	at scrap.heap.refactor.balloon.BirthdayPartyBalloon.&lt;init&gt;(BirthdayPartyBalloon.java:6)
	at scrap.heap.refactor.balloon.BirthdayPartyBalloon.&lt;init&gt;(BirthdayPartyBalloon.java:6)
	at scrap.heap.refactor.balloon.BirthdayPartyBalloon.&lt;init&gt;(BirthdayPartyBalloon.java:6)
	at scrap.heap.refactor.balloon.BirthdayPartyBalloon.&lt;init&gt;(BirthdayPartyBalloon.java:6)
	at scrap.heap.refactor.balloon.BirthdayPartyBalloon.&lt;init&gt;(BirthdayPartyBalloon.java:6)
	at scrap.heap.refactor.balloon.BirthdayPartyBalloon.&lt;init&gt;(BirthdayPartyBalloon.java:6)
	at scrap.heap.refactor.balloon.BirthdayPartyBalloon.&lt;init&gt;(BirthdayPartyBalloon.java:6)
	at scrap.heap.refactor.balloon.BirthdayPartyBalloon.&lt;init&gt;(BirthdayPartyBalloon.java:6)
	at scrap.heap.refactor.balloon.BirthdayPartyBalloon.&lt;init&gt;(BirthdayPartyBalloon.java:6)
	at scrap.heap.refactor.balloon.BirthdayPartyBalloon.&lt;init&gt;(BirthdayPartyBalloon.java:6)
	at scrap.heap.refactor.balloon.BirthdayPartyBalloon.&lt;init&gt;(BirthdayPartyBalloon.java:6)
	at scrap.heap.refactor.balloon.BirthdayPartyBalloon.&lt;init&gt;(BirthdayPartyBalloon.java:6)
	at scrap.heap.refactor.balloon.BirthdayPartyBalloon.&lt;init&gt;(BirthdayPartyBalloon.java:6)
	at scrap.heap.refactor.balloon.BirthdayPartyBalloon.&lt;init&gt;(BirthdayPartyBalloon.java:6)
	at scrap.heap.refactor.balloon.BirthdayPartyBalloon.&lt;init&gt;(BirthdayPartyBalloon.java:6)
	at scrap.heap.refactor.balloon.BirthdayPartyBalloon.&lt;init&gt;(BirthdayPartyBalloon.java:6)
	at scrap.heap.refactor.balloon.BirthdayPartyBalloon.&lt;init&gt;(BirthdayPartyBalloon.java:6)
	at scrap.heap.refactor.balloon.BirthdayPartyBalloon.&lt;init&gt;(BirthdayPartyBalloon.java:6)
	at scrap.heap.refactor.balloon.BirthdayPartyBalloon.&lt;init&gt;(BirthdayPartyBalloon.java:6)
	at scrap.heap.refactor.balloon.BirthdayPartyBalloon.&lt;init&gt;(BirthdayPartyBalloon.java:6)
	at scrap.heap.refactor.balloon.BirthdayPartyBalloon.&lt;init&gt;(BirthdayPartyBalloon.java:6)
	at scrap.heap.refactor.balloon.BirthdayPartyBalloon.&lt;init&gt;(BirthdayPartyBalloon.java:6)
	at scrap.heap.refactor.balloon.BirthdayPartyBalloon.&lt;init&gt;(BirthdayPartyBalloon.java:6)
	at scrap.heap.refactor.balloon.BirthdayPartyBalloon.&lt;init&gt;(BirthdayPartyBalloon.java:6)
	at scrap.heap.refactor.balloon.BirthdayPartyBalloon.&lt;init&gt;(BirthdayPartyBalloon.java:6)
	at scrap.heap.refactor.balloon.BirthdayPartyBalloon.&lt;init&gt;(BirthdayPartyBalloon.java:6)
	at scrap.heap.refactor.balloon.BirthdayPartyBalloon.&lt;init&gt;(BirthdayPartyBalloon.java:6)
	at scrap.heap.refactor.balloon.BirthdayPartyBalloon.&lt;init&gt;(BirthdayPartyBalloon.java:6)
	at scrap.heap.refactor.balloon.BirthdayPartyBalloon.&lt;init&gt;(BirthdayPartyBalloon.java:6)
	at scrap.heap.refactor.balloon.BirthdayPartyBalloon.&lt;init&gt;(BirthdayPartyBalloon.java:6)
	at scrap.heap.refactor.balloon.BirthdayPartyBalloon.&lt;init&gt;(BirthdayPartyBalloon.java:6)
	at scrap.heap.refactor.balloon.BirthdayPartyBalloon.&lt;init&gt;(BirthdayPartyBalloon.java:6)
	at scrap.heap.refactor.balloon.BirthdayPartyBalloon.&lt;init&gt;(BirthdayPartyBalloon.java:6)
	at scrap.heap.refactor.balloon.BirthdayPartyBalloon.&lt;init&gt;(BirthdayPartyBalloon.java:6)
	at scrap.heap.refactor.balloon.BirthdayPartyBalloon.&lt;init&gt;(BirthdayPartyBalloon.java:6)
	at scrap.heap.refactor.balloon.BirthdayPartyBalloon.&lt;init&gt;(BirthdayPartyBalloon.java:6)
	at scrap.heap.refactor.balloon.BirthdayPartyBalloon.&lt;init&gt;(BirthdayPartyBalloon.java:6)
	at scrap.heap.refactor.balloon.BirthdayPartyBalloon.&lt;init&gt;(BirthdayPartyBalloon.java:6)
	at scrap.heap.refactor.balloon.BirthdayPartyBalloon.&lt;init&gt;(BirthdayPartyBalloon.java:6)
	at scrap.heap.refactor.balloon.BirthdayPartyBalloon.&lt;init&gt;(BirthdayPartyBalloon.java:6)
	at scrap.heap.refactor.balloon.BirthdayPartyBalloon.&lt;init&gt;(BirthdayPartyBalloon.java:6)
	at scrap.heap.refactor.balloon.BirthdayPartyBalloon.&lt;init&gt;(BirthdayPartyBalloon.java:6)
	at scrap.heap.refactor.balloon.BirthdayPartyBalloon.&lt;init&gt;(BirthdayPartyBalloon.java:6)
	at scrap.heap.refactor.balloon.BirthdayPartyBalloon.&lt;init&gt;(BirthdayPartyBalloon.java:6)
	at scrap.heap.refactor.balloon.BirthdayPartyBalloon.&lt;init&gt;(BirthdayPartyBalloon.java:6)
	at scrap.heap.refactor.balloon.BirthdayPartyBalloon.&lt;init&gt;(BirthdayPartyBalloon.java:6)
	at scrap.heap.refactor.balloon.BirthdayPartyBalloon.&lt;init&gt;(BirthdayPartyBalloon.java:6)
	at scrap.heap.refactor.balloon.BirthdayPartyBalloon.&lt;init&gt;(BirthdayPartyBalloon.java:6)
	at scrap.heap.refactor.balloon.BirthdayPartyBalloon.&lt;init&gt;(BirthdayPartyBalloon.java:6)
	at scrap.heap.refactor.balloon.BirthdayPartyBalloon.&lt;init&gt;(BirthdayPartyBalloon.java:6)
	at scrap.heap.refactor.balloon.BirthdayPartyBalloon.&lt;init&gt;(BirthdayPartyBalloon.java:6)
	at scrap.heap.refactor.balloon.BirthdayPartyBalloon.&lt;init&gt;(BirthdayPartyBalloon.java:6)
	at scrap.heap.refactor.balloon.BirthdayPartyBalloon.&lt;init&gt;(BirthdayPartyBalloon.java:6)
	at scrap.heap.refactor.balloon.BirthdayPartyBalloon.&lt;init&gt;(BirthdayPartyBalloon.java:6)
	at scrap.heap.refactor.balloon.BirthdayPartyBalloon.&lt;init&gt;(BirthdayPartyBalloon.java:6)
	at scrap.heap.refactor.balloon.BirthdayPartyBalloon.&lt;init&gt;(BirthdayPartyBalloon.java:6)
	at scrap.heap.refactor.balloon.BirthdayPartyBalloon.&lt;init&gt;(BirthdayPartyBalloon.java:6)
	at scrap.heap.refactor.balloon.BirthdayPartyBalloon.&lt;init&gt;(BirthdayPartyBalloon.java:6)
	at scrap.heap.refactor.balloon.BirthdayPartyBalloon.&lt;init&gt;(BirthdayPartyBalloon.java:6)
	at scrap.heap.refactor.balloon.BirthdayPartyBalloon.&lt;init&gt;(BirthdayPartyBalloon.java:6)
	at scrap.heap.refactor.balloon.BirthdayPartyBalloon.&lt;init&gt;(BirthdayPartyBalloon.java:6)
	at scrap.heap.refactor.balloon.BirthdayPartyBalloon.&lt;init&gt;(BirthdayPartyBalloon.java:6)
	at scrap.heap.refactor.balloon.BirthdayPartyBalloon.&lt;init&gt;(BirthdayPartyBalloon.java:6)
	at scrap.heap.refactor.balloon.BirthdayPartyBalloon.&lt;init&gt;(BirthdayPartyBalloon.java:6)
	at scrap.heap.refactor.balloon.BirthdayPartyBalloon.&lt;init&gt;(BirthdayPartyBalloon.java:6)
	at scrap.heap.refactor.balloon.BirthdayPartyBalloon.&lt;init&gt;(BirthdayPartyBalloon.java:6)
	at scrap.heap.refactor.balloon.BirthdayPartyBalloon.&lt;init&gt;(BirthdayPartyBalloon.java:6)
	at scrap.heap.refactor.balloon.BirthdayPartyBalloon.&lt;init&gt;(BirthdayPartyBalloon.java:6)
	at scrap.heap.refactor.balloon.BirthdayPartyBalloon.&lt;init&gt;(BirthdayPartyBalloon.java:6)
	at scrap.heap.refactor.balloon.BirthdayPartyBalloon.&lt;init&gt;(BirthdayPartyBalloon.java:6)
	at scrap.heap.refactor.balloon.BirthdayPartyBalloon.&lt;init&gt;(BirthdayPartyBalloon.java:6)
	at scrap.heap.refactor.balloon.BirthdayPartyBalloon.&lt;init&gt;(BirthdayPartyBalloon.java:6)
	at scrap.heap.refactor.balloon.BirthdayPartyBalloon.&lt;init&gt;(BirthdayPartyBalloon.java:6)
	at scrap.heap.refactor.balloon.BirthdayPartyBalloon.&lt;init&gt;(BirthdayPartyBalloon.java:6)
	at scrap.heap.refactor.balloon.BirthdayPartyBalloon.&lt;init&gt;(BirthdayPartyBalloon.java:6)
	at scrap.heap.refactor.balloon.BirthdayPartyBalloon.&lt;init&gt;(BirthdayPartyBalloon.java:6)
	at scrap.heap.refactor.balloon.BirthdayPartyBalloon.&lt;init&gt;(BirthdayPartyBalloon.java:6)
	at scrap.heap.refactor.balloon.BirthdayPartyBalloon.&lt;init&gt;(BirthdayPartyBalloon.java:6)
	at scrap.heap.refactor.balloon.BirthdayPartyBalloon.&lt;init&gt;(BirthdayPartyBalloon.java:6)
	at scrap.heap.refactor.balloon.BirthdayPartyBalloon.&lt;init&gt;(BirthdayPartyBalloon.java:6)
	at scrap.heap.refactor.balloon.BirthdayPartyBalloon.&lt;init&gt;(BirthdayPartyBalloon.java:6)
	at scrap.heap.refactor.balloon.BirthdayPartyBalloon.&lt;init&gt;(BirthdayPartyBalloon.java:6)
	at scrap.heap.refactor.balloon.BirthdayPartyBalloon.&lt;init&gt;(BirthdayPartyBalloon.java:6)
	at scrap.heap.refactor.balloon.BirthdayPartyBalloon.&lt;init&gt;(BirthdayPartyBalloon.java:6)
	at scrap.heap.refactor.balloon.BirthdayPartyBalloon.&lt;init&gt;(BirthdayPartyBalloon.java:6)
	at scrap.heap.refactor.balloon.BirthdayPartyBalloon.&lt;init&gt;(BirthdayPartyBalloon.java:6)
	at scrap.heap.refactor.balloon.BirthdayPartyBalloon.&lt;init&gt;(BirthdayPartyBalloon.java:6)
	at scrap.heap.refactor.balloon.BirthdayPartyBalloon.&lt;init&gt;(BirthdayPartyBalloon.java:6)
	at scrap.heap.refactor.balloon.BirthdayPartyBalloon.&lt;init&gt;(BirthdayPartyBalloon.java:6)
	at scrap.heap.refactor.balloon.BirthdayPartyBalloon.&lt;init&gt;(BirthdayPartyBalloon.java:6)
	at scrap.heap.refactor.balloon.BirthdayPartyBalloon.&lt;init&gt;(BirthdayPartyBalloon.java:6)
	at scrap.heap.refactor.balloon.BirthdayPartyBalloon.&lt;init&gt;(BirthdayPartyBalloon.java:6)
	at scrap.heap.refactor.balloon.BirthdayPartyBalloon.&lt;init&gt;(BirthdayPartyBalloon.java:6)
	at scrap.heap.refactor.balloon.BirthdayPartyBalloon.&lt;init&gt;(BirthdayPartyBalloon.java:6)
	at scrap.heap.refactor.balloon.BirthdayPartyBalloon.&lt;init&gt;(BirthdayPartyBalloon.java:6)
	at scrap.heap.refactor.balloon.BirthdayPartyBalloon.&lt;init&gt;(BirthdayPartyBalloon.java:6)
	at scrap.heap.refactor.balloon.BirthdayPartyBalloon.&lt;init&gt;(BirthdayPartyBalloon.java:6)
	at scrap.heap.refactor.balloon.BirthdayPartyBalloon.&lt;init&gt;(BirthdayPartyBalloon.java:6)
	at scrap.heap.refactor.balloon.BirthdayPartyBalloon.&lt;init&gt;(BirthdayPartyBalloon.java:6)
	at scrap.heap.refactor.balloon.BirthdayPartyBalloon.&lt;init&gt;(BirthdayPartyBalloon.java:6)
	at scrap.heap.refactor.balloon.BirthdayPartyBalloon.&lt;init&gt;(BirthdayPartyBalloon.java:6)
	at scrap.heap.refactor.balloon.BirthdayPartyBalloon.&lt;init&gt;(BirthdayPartyBalloon.java:6)
	at scrap.heap.refactor.balloon.BirthdayPartyBalloon.&lt;init&gt;(BirthdayPartyBalloon.java:6)
	at scrap.heap.refactor.balloon.BirthdayPartyBalloon.&lt;init&gt;(BirthdayPartyBalloon.java:6)
	at scrap.heap.refactor.balloon.BirthdayPartyBalloon.&lt;init&gt;(BirthdayPartyBalloon.java:6)
	at scrap.heap.refactor.balloon.BirthdayPartyBalloon.&lt;init&gt;(BirthdayPartyBalloon.java:6)
	at scrap.heap.refactor.balloon.BirthdayPartyBalloon.&lt;init&gt;(BirthdayPartyBalloon.java:6)
	at scrap.heap.refactor.balloon.BirthdayPartyBalloon.&lt;init&gt;(BirthdayPartyBalloon.java:6)
	at scrap.heap.refactor.balloon.BirthdayPartyBalloon.&lt;init&gt;(BirthdayPartyBalloon.java:6)
	at scrap.heap.refactor.balloon.BirthdayPartyBalloon.&lt;init&gt;(BirthdayPartyBalloon.java:6)
	at scrap.heap.refactor.balloon.BirthdayPartyBalloon.&lt;init&gt;(BirthdayPartyBalloon.java:6)
	at scrap.heap.refactor.balloon.BirthdayPartyBalloon.&lt;init&gt;(BirthdayPartyBalloon.java:6)
	at scrap.heap.refactor.balloon.BirthdayPartyBalloon.&lt;init&gt;(BirthdayPartyBalloon.java:6)
	at scrap.heap.refactor.balloon.BirthdayPartyBalloon.&lt;init&gt;(BirthdayPartyBalloon.java:6)
	at scrap.heap.refactor.balloon.BirthdayPartyBalloon.&lt;init&gt;(BirthdayPartyBalloon.java:6)
	at scrap.heap.refactor.balloon.BirthdayPartyBalloon.&lt;init&gt;(BirthdayPartyBalloon.java:6)
	at scrap.heap.refactor.balloon.BirthdayPartyBalloon.&lt;init&gt;(BirthdayPartyBalloon.java:6)
	at scrap.heap.refactor.balloon.BirthdayPartyBalloon.&lt;init&gt;(BirthdayPartyBalloon.java:6)
	at scrap.heap.refactor.balloon.BirthdayPartyBalloon.&lt;init&gt;(BirthdayPartyBalloon.java:6)
	at scrap.heap.refactor.balloon.BirthdayPartyBalloon.&lt;init&gt;(BirthdayPartyBalloon.java:6)
	at scrap.heap.refactor.balloon.BirthdayPartyBalloon.&lt;init&gt;(BirthdayPartyBalloon.java:6)
	at scrap.heap.refactor.balloon.BirthdayPartyBalloon.&lt;init&gt;(BirthdayPartyBalloon.java:6)
	at scrap.heap.refactor.balloon.BirthdayPartyBalloon.&lt;init&gt;(BirthdayPartyBalloon.java:6)
	at scrap.heap.refactor.balloon.BirthdayPartyBalloon.&lt;init&gt;(BirthdayPartyBalloon.java:6)
	at scrap.heap.refactor.balloon.BirthdayPartyBalloon.&lt;init&gt;(BirthdayPartyBalloon.java:6)
	at scrap.heap.refactor.balloon.BirthdayPartyBalloon.&lt;init&gt;(BirthdayPartyBalloon.java:6)
	at scrap.heap.refactor.balloon.BirthdayPartyBalloon.&lt;init&gt;(BirthdayPartyBalloon.java:6)
	at scrap.heap.refactor.balloon.BirthdayPartyBalloon.&lt;init&gt;(BirthdayPartyBalloon.java:6)
	at scrap.heap.refactor.balloon.BirthdayPartyBalloon.&lt;init&gt;(BirthdayPartyBalloon.java:6)
	at scrap.heap.refactor.balloon.BirthdayPartyBalloon.&lt;init&gt;(BirthdayPartyBalloon.java:6)
	at scrap.heap.refactor.balloon.BirthdayPartyBalloon.&lt;init&gt;(BirthdayPartyBalloon.java:6)
	at scrap.heap.refactor.balloon.BirthdayPartyBalloon.&lt;init&gt;(BirthdayPartyBalloon.java:6)
	at scrap.heap.refactor.balloon.BirthdayPartyBalloon.&lt;init&gt;(BirthdayPartyBalloon.java:6)
	at scrap.heap.refactor.balloon.BirthdayPartyBalloon.&lt;init&gt;(BirthdayPartyBalloon.java:6)
	at scrap.heap.refactor.balloon.BirthdayPartyBalloon.&lt;init&gt;(BirthdayPartyBalloon.java:6)
	at scrap.heap.refactor.balloon.BirthdayPartyBalloon.&lt;init&gt;(BirthdayPartyBalloon.java:6)
	at scrap.heap.refactor.balloon.BirthdayPartyBalloon.&lt;init&gt;(BirthdayPartyBalloon.java:6)
	at scrap.heap.refactor.balloon.BirthdayPartyBalloon.&lt;init&gt;(BirthdayPartyBalloon.java:6)
	at scrap.heap.refactor.balloon.BirthdayPartyBalloon.&lt;init&gt;(BirthdayPartyBalloon.java:6)
	at scrap.heap.refactor.balloon.BirthdayPartyBalloon.&lt;init&gt;(BirthdayPartyBalloon.java:6)
	at scrap.heap.refactor.balloon.BirthdayPartyBalloon.&lt;init&gt;(BirthdayPartyBalloon.java:6)
	at scrap.heap.refactor.balloon.BirthdayPartyBalloon.&lt;init&gt;(BirthdayPartyBalloon.java:6)
	at scrap.heap.refactor.balloon.BirthdayPartyBalloon.&lt;init&gt;(BirthdayPartyBalloon.java:6)
	at scrap.heap.refactor.balloon.BirthdayPartyBalloon.&lt;init&gt;(BirthdayPartyBalloon.java:6)
	at scrap.heap.refactor.balloon.BirthdayPartyBalloon.&lt;init&gt;(BirthdayPartyBalloon.java:6)
	at scrap.heap.refactor.balloon.BirthdayPartyBalloon.&lt;init&gt;(BirthdayPartyBalloon.java:6)
	at scrap.heap.refactor.balloon.BirthdayPartyBalloon.&lt;init&gt;(BirthdayPartyBalloon.java:6)
	at scrap.heap.refactor.balloon.BirthdayPartyBalloon.&lt;init&gt;(BirthdayPartyBalloon.java:6)
	at scrap.heap.refactor.balloon.BirthdayPartyBalloon.&lt;init&gt;(BirthdayPartyBalloon.java:6)
	at scrap.heap.refactor.balloon.BirthdayPartyBalloon.&lt;init&gt;(BirthdayPartyBalloon.java:6)
	at scrap.heap.refactor.balloon.BirthdayPartyBalloon.&lt;init&gt;(BirthdayPartyBalloon.java:6)
	at scrap.heap.refactor.balloon.BirthdayPartyBalloon.&lt;init&gt;(BirthdayPartyBalloon.java:6)
	at scrap.heap.refactor.balloon.BirthdayPartyBalloon.&lt;init&gt;(BirthdayPartyBalloon.java:6)
	at scrap.heap.refactor.balloon.BirthdayPartyBalloon.&lt;init&gt;(BirthdayPartyBalloon.java:6)
	at scrap.heap.refactor.balloon.BirthdayPartyBalloon.&lt;init&gt;(BirthdayPartyBalloon.java:6)
	at scrap.heap.refactor.balloon.BirthdayPartyBalloon.&lt;init&gt;(BirthdayPartyBalloon.java:6)
	at scrap.heap.refactor.balloon.BirthdayPartyBalloon.&lt;init&gt;(BirthdayPartyBalloon.java:6)
	at scrap.heap.refactor.balloon.BirthdayPartyBalloon.&lt;init&gt;(BirthdayPartyBalloon.java:6)
	at scrap.heap.refactor.balloon.BirthdayPartyBalloon.&lt;init&gt;(BirthdayPartyBalloon.java:6)
	at scrap.heap.refactor.balloon.BirthdayPartyBalloon.&lt;init&gt;(BirthdayPartyBalloon.java:6)
	at scrap.heap.refactor.balloon.BirthdayPartyBalloon.&lt;init&gt;(BirthdayPartyBalloon.java:6)
	at scrap.heap.refactor.balloon.BirthdayPartyBalloon.&lt;init&gt;(BirthdayPartyBalloon.java:6)
	at scrap.heap.refactor.balloon.BirthdayPartyBalloon.&lt;init&gt;(BirthdayPartyBalloon.java:6)
	at scrap.heap.refactor.balloon.BirthdayPartyBalloon.&lt;init&gt;(BirthdayPartyBalloon.java:6)
	at scrap.heap.refactor.balloon.BirthdayPartyBalloon.&lt;init&gt;(BirthdayPartyBalloon.java:6)
	at scrap.heap.refactor.balloon.BirthdayPartyBalloon.&lt;init&gt;(BirthdayPartyBalloon.java:6)
	at scrap.heap.refactor.balloon.BirthdayPartyBalloon.&lt;init&gt;(BirthdayPartyBalloon.java:6)
	at scrap.heap.refactor.balloon.BirthdayPartyBalloon.&lt;init&gt;(BirthdayPartyBalloon.java:6)
	at scrap.heap.refactor.balloon.BirthdayPartyBalloon.&lt;init&gt;(BirthdayPartyBalloon.java:6)
	at scrap.heap.refactor.balloon.BirthdayPartyBalloon.&lt;init&gt;(BirthdayPartyBalloon.java:6)
	at scrap.heap.refactor.balloon.BirthdayPartyBalloon.&lt;init&gt;(BirthdayPartyBalloon.java:6)
	at scrap.heap.refactor.balloon.BirthdayPartyBalloon.&lt;init&gt;(BirthdayPartyBalloon.java:6)
	at scrap.heap.refactor.balloon.BirthdayPartyBalloon.&lt;init&gt;(BirthdayPartyBalloon.java:6)
	at scrap.heap.refactor.balloon.BirthdayPartyBalloon.&lt;init&gt;(BirthdayPartyBalloon.java:6)
	at scrap.heap.refactor.balloon.BirthdayPartyBalloon.&lt;init&gt;(BirthdayPartyBalloon.java:6)
	at scrap.heap.refactor.balloon.BirthdayPartyBalloon.&lt;init&gt;(BirthdayPartyBalloon.java:6)
	at scrap.heap.refactor.balloon.BirthdayPartyBalloon.&lt;init&gt;(BirthdayPartyBalloon.java:6)
	at scrap.heap.refactor.balloon.BirthdayPartyBalloon.&lt;init&gt;(BirthdayPartyBalloon.java:6)
	at scrap.heap.refactor.balloon.BirthdayPartyBalloon.&lt;init&gt;(BirthdayPartyBalloon.java:6)
	at scrap.heap.refactor.balloon.BirthdayPartyBalloon.&lt;init&gt;(BirthdayPartyBalloon.java:6)
	at scrap.heap.refactor.balloon.BirthdayPartyBalloon.&lt;init&gt;(BirthdayPartyBalloon.java:6)
	at scrap.heap.refactor.balloon.BirthdayPartyBalloon.&lt;init&gt;(BirthdayPartyBalloon.java:6)
	at scrap.heap.refactor.balloon.BirthdayPartyBalloon.&lt;init&gt;(BirthdayPartyBalloon.java:6)
	at scrap.heap.refactor.balloon.BirthdayPartyBalloon.&lt;init&gt;(BirthdayPartyBalloon.java:6)
	at scrap.heap.refactor.balloon.BirthdayPartyBalloon.&lt;init&gt;(BirthdayPartyBalloon.java:6)
	at scrap.heap.refactor.balloon.BirthdayPartyBalloon.&lt;init&gt;(BirthdayPartyBalloon.java:6)
	at scrap.heap.refactor.balloon.BirthdayPartyBalloon.&lt;init&gt;(BirthdayPartyBalloon.java:6)
	at scrap.heap.refactor.balloon.BirthdayPartyBalloon.&lt;init&gt;(BirthdayPartyBalloon.java:6)
	at scrap.heap.refactor.balloon.BirthdayPartyBalloon.&lt;init&gt;(BirthdayPartyBalloon.java:6)
	at scrap.heap.refactor.balloon.BirthdayPartyBalloon.&lt;init&gt;(BirthdayPartyBalloon.java:6)
	at scrap.heap.refactor.balloon.BirthdayPartyBalloon.&lt;init&gt;(BirthdayPartyBalloon.java:6)
	at scrap.heap.refactor.balloon.BirthdayPartyBalloon.&lt;init&gt;(BirthdayPartyBalloon.java:6)
	at scrap.heap.refactor.balloon.BirthdayPartyBalloon.&lt;init&gt;(BirthdayPartyBalloon.java:6)
	at scrap.heap.refactor.balloon.BirthdayPartyBalloon.&lt;init&gt;(BirthdayPartyBalloon.java:6)
	at scrap.heap.refactor.balloon.BirthdayPartyBalloon.&lt;init&gt;(BirthdayPartyBalloon.java:6)
	at scrap.heap.refactor.balloon.BirthdayPartyBalloon.&lt;init&gt;(BirthdayPartyBalloon.java:6)
	at scrap.heap.refactor.balloon.BirthdayPartyBalloon.&lt;init&gt;(BirthdayPartyBalloon.java:6)
	at scrap.heap.refactor.balloon.BirthdayPartyBalloon.&lt;init&gt;(BirthdayPartyBalloon.java:6)
	at scrap.heap.refactor.balloon.BirthdayPartyBalloon.&lt;init&gt;(BirthdayPartyBalloon.java:6)
	at scrap.heap.refactor.balloon.BirthdayPartyBalloon.&lt;init&gt;(BirthdayPartyBalloon.java:6)
	at scrap.heap.refactor.balloon.BirthdayPartyBalloon.&lt;init&gt;(BirthdayPartyBalloon.java:6)
	at scrap.heap.refactor.balloon.BirthdayPartyBalloon.&lt;init&gt;(BirthdayPartyBalloon.java:6)
	at scrap.heap.refactor.balloon.BirthdayPartyBalloon.&lt;init&gt;(BirthdayPartyBalloon.java:6)
	at scrap.heap.refactor.balloon.BirthdayPartyBalloon.&lt;init&gt;(BirthdayPartyBalloon.java:6)
	at scrap.heap.refactor.balloon.BirthdayPartyBalloon.&lt;init&gt;(BirthdayPartyBalloon.java:6)
	at scrap.heap.refactor.balloon.BirthdayPartyBalloon.&lt;init&gt;(BirthdayPartyBalloon.java:6)
	at scrap.heap.refactor.balloon.BirthdayPartyBalloon.&lt;init&gt;(BirthdayPartyBalloon.java:6)
	at scrap.heap.refactor.balloon.BirthdayPartyBalloon.&lt;init&gt;(BirthdayPartyBalloon.java:6)
	at scrap.heap.refactor.balloon.BirthdayPartyBalloon.&lt;init&gt;(BirthdayPartyBalloon.java:6)
	at scrap.heap.refactor.balloon.BirthdayPartyBalloon.&lt;init&gt;(BirthdayPartyBalloon.java:6)
	at scrap.heap.refactor.balloon.BirthdayPartyBalloon.&lt;init&gt;(BirthdayPartyBalloon.java:6)
	at scrap.heap.refactor.balloon.BirthdayPartyBalloon.&lt;init&gt;(BirthdayPartyBalloon.java:6)
	at scrap.heap.refactor.balloon.BirthdayPartyBalloon.&lt;init&gt;(BirthdayPartyBalloon.java:6)
	at scrap.heap.refactor.balloon.BirthdayPartyBalloon.&lt;init&gt;(BirthdayPartyBalloon.java:6)
	at scrap.heap.refactor.balloon.BirthdayPartyBalloon.&lt;init&gt;(BirthdayPartyBalloon.java:6)
	at scrap.heap.refactor.balloon.BirthdayPartyBalloon.&lt;init&gt;(BirthdayPartyBalloon.java:6)
	at scrap.heap.refactor.balloon.BirthdayPartyBalloon.&lt;init&gt;(BirthdayPartyBalloon.java:6)
	at scrap.heap.refactor.balloon.BirthdayPartyBalloon.&lt;init&gt;(BirthdayPartyBalloon.java:6)
	at scrap.heap.refactor.balloon.BirthdayPartyBalloon.&lt;init&gt;(BirthdayPartyBalloon.java:6)
	at scrap.heap.refactor.balloon.BirthdayPartyBalloon.&lt;init&gt;(BirthdayPartyBalloon.java:6)
	at scrap.heap.refactor.balloon.BirthdayPartyBalloon.&lt;init&gt;(BirthdayPartyBalloon.java:6)
	at scrap.heap.refactor.balloon.BirthdayPartyBalloon.&lt;init&gt;(BirthdayPartyBalloon.java:6)
	at scrap.heap.refactor.balloon.BirthdayPartyBalloon.&lt;init&gt;(BirthdayPartyBalloon.java:6)
	at scrap.heap.refactor.balloon.BirthdayPartyBalloon.&lt;init&gt;(BirthdayPartyBalloon.java:6)
	at scrap.heap.refactor.balloon.BirthdayPartyBalloon.&lt;init&gt;(BirthdayPartyBalloon.java:6)
	at scrap.heap.refactor.balloon.BirthdayPartyBalloon.&lt;init&gt;(BirthdayPartyBalloon.java:6)
	at scrap.heap.refactor.balloon.BirthdayPartyBalloon.&lt;init&gt;(BirthdayPartyBalloon.java:6)
	at scrap.heap.refactor.balloon.BirthdayPartyBalloon.&lt;init&gt;(BirthdayPartyBalloon.java:6)
	at scrap.heap.refactor.balloon.BirthdayPartyBalloon.&lt;init&gt;(BirthdayPartyBalloon.java:6)
	at scrap.heap.refactor.balloon.BirthdayPartyBalloon.&lt;init&gt;(BirthdayPartyBalloon.java:6)
	at scrap.heap.refactor.balloon.BirthdayPartyBalloon.&lt;init&gt;(BirthdayPartyBalloon.java:6)
	at scrap.heap.refactor.balloon.BirthdayPartyBalloon.&lt;init&gt;(BirthdayPartyBalloon.java:6)
	at scrap.heap.refactor.balloon.BirthdayPartyBalloon.&lt;init&gt;(BirthdayPartyBalloon.java:6)
	at scrap.heap.refactor.balloon.BirthdayPartyBalloon.&lt;init&gt;(BirthdayPartyBalloon.java:6)
	at scrap.heap.refactor.balloon.BirthdayPartyBalloon.&lt;init&gt;(BirthdayPartyBalloon.java:6)
	at scrap.heap.refactor.balloon.BirthdayPartyBalloon.&lt;init&gt;(BirthdayPartyBalloon.java:6)
	at scrap.heap.refactor.balloon.BirthdayPartyBalloon.&lt;init&gt;(BirthdayPartyBalloon.java:6)
	at scrap.heap.refactor.balloon.BirthdayPartyBalloon.&lt;init&gt;(BirthdayPartyBalloon.java:6)
	at scrap.heap.refactor.balloon.BirthdayPartyBalloon.&lt;init&gt;(BirthdayPartyBalloon.java:6)
	at scrap.heap.refactor.balloon.BirthdayPartyBalloon.&lt;init&gt;(BirthdayPartyBalloon.java:6)
	at scrap.heap.refactor.balloon.BirthdayPartyBalloon.&lt;init&gt;(BirthdayPartyBalloon.java:6)
	at scrap.heap.refactor.balloon.BirthdayPartyBalloon.&lt;init&gt;(BirthdayPartyBalloon.java:6)
	at scrap.heap.refactor.balloon.BirthdayPartyBalloon.&lt;init&gt;(BirthdayPartyBalloon.java:6)
	at scrap.heap.refactor.balloon.BirthdayPartyBalloon.&lt;init&gt;(BirthdayPartyBalloon.java:6)
	at scrap.heap.refactor.balloon.BirthdayPartyBalloon.&lt;init&gt;(BirthdayPartyBalloon.java:6)
	at scrap.heap.refactor.balloon.BirthdayPartyBalloon.&lt;init&gt;(BirthdayPartyBalloon.java:6)
	at scrap.heap.refactor.balloon.BirthdayPartyBalloon.&lt;init&gt;(BirthdayPartyBalloon.java:6)
	at scrap.heap.refactor.balloon.BirthdayPartyBalloon.&lt;init&gt;(BirthdayPartyBalloon.java:6)
	at scrap.heap.refactor.balloon.BirthdayPartyBalloon.&lt;init&gt;(BirthdayPartyBalloon.java:6)
	at scrap.heap.refactor.balloon.BirthdayPartyBalloon.&lt;init&gt;(BirthdayPartyBalloon.java:6)
	at scrap.heap.refactor.balloon.BirthdayPartyBalloon.&lt;init&gt;(BirthdayPartyBalloon.java:6)
	at scrap.heap.refactor.balloon.BirthdayPartyBalloon.&lt;init&gt;(BirthdayPartyBalloon.java:6)
	at scrap.heap.refactor.balloon.BirthdayPartyBalloon.&lt;init&gt;(BirthdayPartyBalloon.java:6)
	at scrap.heap.refactor.balloon.BirthdayPartyBalloon.&lt;init&gt;(BirthdayPartyBalloon.java:6)
	at scrap.heap.refactor.balloon.BirthdayPartyBalloon.&lt;init&gt;(BirthdayPartyBalloon.java:6)
	at scrap.heap.refactor.balloon.BirthdayPartyBalloon.&lt;init&gt;(BirthdayPartyBalloon.java:6)
	at scrap.heap.refactor.balloon.BirthdayPartyBalloon.&lt;init&gt;(BirthdayPartyBalloon.java:6)
	at scrap.heap.refactor.balloon.BirthdayPartyBalloon.&lt;init&gt;(BirthdayPartyBalloon.java:6)
	at scrap.heap.refactor.balloon.BirthdayPartyBalloon.&lt;init&gt;(BirthdayPartyBalloon.java:6)
	at scrap.heap.refactor.balloon.BirthdayPartyBalloon.&lt;init&gt;(BirthdayPartyBalloon.java:6)
	at scrap.heap.refactor.balloon.BirthdayPartyBalloon.&lt;init&gt;(BirthdayPartyBalloon.java:6)
	at scrap.heap.refactor.balloon.BirthdayPartyBalloon.&lt;init&gt;(BirthdayPartyBalloon.java:6)
	at scrap.heap.refactor.balloon.BirthdayPartyBalloon.&lt;init&gt;(BirthdayPartyBalloon.java:6)
	at scrap.heap.refactor.balloon.BirthdayPartyBalloon.&lt;init&gt;(BirthdayPartyBalloon.java:6)
	at scrap.heap.refactor.balloon.BirthdayPartyBalloon.&lt;init&gt;(BirthdayPartyBalloon.java:6)
	at scrap.heap.refactor.balloon.BirthdayPartyBalloon.&lt;init&gt;(BirthdayPartyBalloon.java:6)
	at scrap.heap.refactor.balloon.BirthdayPartyBalloon.&lt;init&gt;(BirthdayPartyBalloon.java:6)
	at scrap.heap.refactor.balloon.BirthdayPartyBalloon.&lt;init&gt;(BirthdayPartyBalloon.java:6)
	at scrap.heap.refactor.balloon.BirthdayPartyBalloon.&lt;init&gt;(BirthdayPartyBalloon.java:6)
	at scrap.heap.refactor.balloon.BirthdayPartyBalloon.&lt;init&gt;(BirthdayPartyBalloon.java:6)
	at scrap.heap.refactor.balloon.BirthdayPartyBalloon.&lt;init&gt;(BirthdayPartyBalloon.java:6)
	at scrap.heap.refactor.balloon.BirthdayPartyBalloon.&lt;init&gt;(BirthdayPartyBalloon.java:6)
	at scrap.heap.refactor.balloon.BirthdayPartyBalloon.&lt;init&gt;(BirthdayPartyBalloon.java:6)
	at scrap.heap.refactor.balloon.BirthdayPartyBalloon.&lt;init&gt;(BirthdayPartyBalloon.java:6)
	at scrap.heap.refactor.balloon.BirthdayPartyBalloon.&lt;init&gt;(BirthdayPartyBalloon.java:6)
	at scrap.heap.refactor.balloon.BirthdayPartyBalloon.&lt;init&gt;(BirthdayPartyBalloon.java:6)
	at scrap.heap.refactor.balloon.BirthdayPartyBalloon.&lt;init&gt;(BirthdayPartyBalloon.java:6)
	at scrap.heap.refactor.balloon.BirthdayPartyBalloon.&lt;init&gt;(BirthdayPartyBalloon.java:6)
	at scrap.heap.refactor.balloon.BirthdayPartyBalloon.&lt;init&gt;(BirthdayPartyBalloon.java:6)
	at scrap.heap.refactor.balloon.BirthdayPartyBalloon.&lt;init&gt;(BirthdayPartyBalloon.java:6)
	at scrap.heap.refactor.balloon.BirthdayPartyBalloon.&lt;init&gt;(BirthdayPartyBalloon.java:6)
	at scrap.heap.refactor.balloon.BirthdayPartyBalloon.&lt;init&gt;(BirthdayPartyBalloon.java:6)
	at scrap.heap.refactor.balloon.BirthdayPartyBalloon.&lt;init&gt;(BirthdayPartyBalloon.java:6)
	at scrap.heap.refactor.balloon.BirthdayPartyBalloon.&lt;init&gt;(BirthdayPartyBalloon.java:6)
	at scrap.heap.refactor.balloon.BirthdayPartyBalloon.&lt;init&gt;(BirthdayPartyBalloon.java:6)
	at scrap.heap.refactor.balloon.BirthdayPartyBalloon.&lt;init&gt;(BirthdayPartyBalloon.java:6)
	at scrap.heap.refactor.balloon.BirthdayPartyBalloon.&lt;init&gt;(BirthdayPartyBalloon.java:6)
	at scrap.heap.refactor.balloon.BirthdayPartyBalloon.&lt;init&gt;(BirthdayPartyBalloon.java:6)
	at scrap.heap.refactor.balloon.BirthdayPartyBalloon.&lt;init&gt;(BirthdayPartyBalloon.java:6)
	at scrap.heap.refactor.balloon.BirthdayPartyBalloon.&lt;init&gt;(BirthdayPartyBalloon.java:6)
	at scrap.heap.refactor.balloon.BirthdayPartyBalloon.&lt;init&gt;(BirthdayPartyBalloon.java:6)
	at scrap.heap.refactor.balloon.BirthdayPartyBalloon.&lt;init&gt;(BirthdayPartyBalloon.java:6)
	at scrap.heap.refactor.balloon.BirthdayPartyBalloon.&lt;init&gt;(BirthdayPartyBalloon.java:6)
	at scrap.heap.refactor.balloon.BirthdayPartyBalloon.&lt;init&gt;(BirthdayPartyBalloon.java:6)
	at scrap.heap.refactor.balloon.BirthdayPartyBalloon.&lt;init&gt;(BirthdayPartyBalloon.java:6)
	at scrap.heap.refactor.balloon.BirthdayPartyBalloon.&lt;init&gt;(BirthdayPartyBalloon.java:6)
	at scrap.heap.refactor.balloon.BirthdayPartyBalloon.&lt;init&gt;(BirthdayPartyBalloon.java:6)
	at scrap.heap.refactor.balloon.BirthdayPartyBalloon.&lt;init&gt;(BirthdayPartyBalloon.java:6)
	at scrap.heap.refactor.balloon.BirthdayPartyBalloon.&lt;init&gt;(BirthdayPartyBalloon.java:6)
	at scrap.heap.refactor.balloon.BirthdayPartyBalloon.&lt;init&gt;(BirthdayPartyBalloon.java:6)
	at scrap.heap.refactor.balloon.BirthdayPartyBalloon.&lt;init&gt;(BirthdayPartyBalloon.java:6)
	at scrap.heap.refactor.balloon.BirthdayPartyBalloon.&lt;init&gt;(BirthdayPartyBalloon.java:6)
	at scrap.heap.refactor.balloon.BirthdayPartyBalloon.&lt;init&gt;(BirthdayPartyBalloon.java:6)
	at scrap.heap.refactor.balloon.BirthdayPartyBalloon.&lt;init&gt;(BirthdayPartyBalloon.java:6)
	at scrap.heap.refactor.balloon.BirthdayPartyBalloon.&lt;init&gt;(BirthdayPartyBalloon.java:6)
	at scrap.heap.refactor.balloon.BirthdayPartyBalloon.&lt;init&gt;(BirthdayPartyBalloon.java:6)
	at scrap.heap.refactor.balloon.BirthdayPartyBalloon.&lt;init&gt;(BirthdayPartyBalloon.java:6)
	at scrap.heap.refactor.balloon.BirthdayPartyBalloon.&lt;init&gt;(BirthdayPartyBalloon.java:6)
	at scrap.heap.refactor.balloon.BirthdayPartyBalloon.&lt;init&gt;(BirthdayPartyBalloon.java:6)
	at scrap.heap.refactor.balloon.BirthdayPartyBalloon.&lt;init&gt;(BirthdayPartyBalloon.java:6)
	at scrap.heap.refactor.balloon.BirthdayPartyBalloon.&lt;init&gt;(BirthdayPartyBalloon.java:6)
	at scrap.heap.refactor.balloon.BirthdayPartyBalloon.&lt;init&gt;(BirthdayPartyBalloon.java:6)
	at scrap.heap.refactor.balloon.BirthdayPartyBalloon.&lt;init&gt;(BirthdayPartyBalloon.java:6)
	at scrap.heap.refactor.balloon.BirthdayPartyBalloon.&lt;init&gt;(BirthdayPartyBalloon.java:6)
	at scrap.heap.refactor.balloon.BirthdayPartyBalloon.&lt;init&gt;(BirthdayPartyBalloon.java:6)
	at scrap.heap.refactor.balloon.BirthdayPartyBalloon.&lt;init&gt;(BirthdayPartyBalloon.java:6)
	at scrap.heap.refactor.balloon.BirthdayPartyBalloon.&lt;init&gt;(BirthdayPartyBalloon.java:6)
	at scrap.heap.refactor.balloon.BirthdayPartyBalloon.&lt;init&gt;(BirthdayPartyBalloon.java:6)
	at scrap.heap.refactor.balloon.BirthdayPartyBalloon.&lt;init&gt;(BirthdayPartyBalloon.java:6)
	at scrap.heap.refactor.balloon.BirthdayPartyBalloon.&lt;init&gt;(BirthdayPartyBalloon.java:6)
	at scrap.heap.refactor.balloon.BirthdayPartyBalloon.&lt;init&gt;(BirthdayPartyBalloon.java:6)
	at scrap.heap.refactor.balloon.BirthdayPartyBalloon.&lt;init&gt;(BirthdayPartyBalloon.java:6)
	at scrap.heap.refactor.balloon.BirthdayPartyBalloon.&lt;init&gt;(BirthdayPartyBalloon.java:6)
	at scrap.heap.refactor.balloon.BirthdayPartyBalloon.&lt;init&gt;(BirthdayPartyBalloon.java:6)
	at scrap.heap.refactor.balloon.BirthdayPartyBalloon.&lt;init&gt;(BirthdayPartyBalloon.java:6)
	at scrap.heap.refactor.balloon.BirthdayPartyBalloon.&lt;init&gt;(BirthdayPartyBalloon.java:6)
	at scrap.heap.refactor.balloon.BirthdayPartyBalloon.&lt;init&gt;(BirthdayPartyBalloon.java:6)
	at scrap.heap.refactor.balloon.BirthdayPartyBalloon.&lt;init&gt;(BirthdayPartyBalloon.java:6)
	at scrap.heap.refactor.balloon.BirthdayPartyBalloon.&lt;init&gt;(BirthdayPartyBalloon.java:6)
	at scrap.heap.refactor.balloon.BirthdayPartyBalloon.&lt;init&gt;(BirthdayPartyBalloon.java:6)
	at scrap.heap.refactor.balloon.BirthdayPartyBalloon.&lt;init&gt;(BirthdayPartyBalloon.java:6)
	at scrap.heap.refactor.balloon.BirthdayPartyBalloon.&lt;init&gt;(BirthdayPartyBalloon.java:6)
	at scrap.heap.refactor.balloon.BirthdayPartyBalloon.&lt;init&gt;(BirthdayPartyBalloon.java:6)
	at scrap.heap.refactor.balloon.BirthdayPartyBalloon.&lt;init&gt;(BirthdayPartyBalloon.java:6)
	at scrap.heap.refactor.balloon.BirthdayPartyBalloon.&lt;init&gt;(BirthdayPartyBalloon.java:6)
	at scrap.heap.refactor.balloon.BirthdayPartyBalloon.&lt;init&gt;(BirthdayPartyBalloon.java:6)
	at scrap.heap.refactor.balloon.BirthdayPartyBalloon.&lt;init&gt;(BirthdayPartyBalloon.java:6)
	at scrap.heap.refactor.balloon.BirthdayPartyBalloon.&lt;init&gt;(BirthdayPartyBalloon.java:6)
	at scrap.heap.refactor.balloon.BirthdayPartyBalloon.&lt;init&gt;(BirthdayPartyBalloon.java:6)
	at scrap.heap.refactor.balloon.BirthdayPartyBalloon.&lt;init&gt;(BirthdayPartyBalloon.java:6)
	at scrap.heap.refactor.balloon.BirthdayPartyBalloon.&lt;init&gt;(BirthdayPartyBalloon.java:6)
	at scrap.heap.refactor.balloon.BirthdayPartyBalloon.&lt;init&gt;(BirthdayPartyBalloon.java:6)
	at scrap.heap.refactor.balloon.BirthdayPartyBalloon.&lt;init&gt;(BirthdayPartyBalloon.java:6)
	at scrap.heap.refactor.balloon.BirthdayPartyBalloon.&lt;init&gt;(BirthdayPartyBalloon.java:6)
	at scrap.heap.refactor.balloon.BirthdayPartyBalloon.&lt;init&gt;(BirthdayPartyBalloon.java:6)
	at scrap.heap.refactor.balloon.BirthdayPartyBalloon.&lt;init&gt;(BirthdayPartyBalloon.java:6)
	at scrap.heap.refactor.balloon.BirthdayPartyBalloon.&lt;init&gt;(BirthdayPartyBalloon.java:6)
	at scrap.heap.refactor.balloon.BirthdayPartyBalloon.&lt;init&gt;(BirthdayPartyBalloon.java:6)
	at scrap.heap.refactor.balloon.BirthdayPartyBalloon.&lt;init&gt;(BirthdayPartyBalloon.java:6)
	at scrap.heap.refactor.balloon.BirthdayPartyBalloon.&lt;init&gt;(BirthdayPartyBalloon.java:6)
	at scrap.heap.refactor.balloon.BirthdayPartyBalloon.&lt;init&gt;(BirthdayPartyBalloon.java:6)
	at scrap.heap.refactor.balloon.BirthdayPartyBalloon.&lt;init&gt;(BirthdayPartyBalloon.java:6)
	at scrap.heap.refactor.balloon.BirthdayPartyBalloon.&lt;init&gt;(BirthdayPartyBalloon.java:6)
	at scrap.heap.refactor.balloon.BirthdayPartyBalloon.&lt;init&gt;(BirthdayPartyBalloon.java:6)
	at scrap.heap.refactor.balloon.BirthdayPartyBalloon.&lt;init&gt;(BirthdayPartyBalloon.java:6)
	at scrap.heap.refactor.balloon.BirthdayPartyBalloon.&lt;init&gt;(BirthdayPartyBalloon.java:6)
	at scrap.heap.refactor.balloon.BirthdayPartyBalloon.&lt;init&gt;(BirthdayPartyBalloon.java:6)
	at scrap.heap.refactor.balloon.BirthdayPartyBalloon.&lt;init&gt;(BirthdayPartyBalloon.java:6)
	at scrap.heap.refactor.balloon.BirthdayPartyBalloon.&lt;init&gt;(BirthdayPartyBalloon.java:6)
	at scrap.heap.refactor.balloon.BirthdayPartyBalloon.&lt;init&gt;(BirthdayPartyBalloon.java:6)
	at scrap.heap.refactor.balloon.BirthdayPartyBalloon.&lt;init&gt;(BirthdayPartyBalloon.java:6)
	at scrap.heap.refactor.balloon.BirthdayPartyBalloon.&lt;init&gt;(BirthdayPartyBalloon.java:6)
	at scrap.heap.refactor.balloon.BirthdayPartyBalloon.&lt;init&gt;(BirthdayPartyBalloon.java:6)
	at scrap.heap.refactor.balloon.BirthdayPartyBalloon.&lt;init&gt;(BirthdayPartyBalloon.java:6)
	at scrap.heap.refactor.balloon.BirthdayPartyBalloon.&lt;init&gt;(BirthdayPartyBalloon.java:6)
	at scrap.heap.refactor.balloon.BirthdayPartyBalloon.&lt;init&gt;(BirthdayPartyBalloon.java:6)
	at scrap.heap.refactor.balloon.BirthdayPartyBalloon.&lt;init&gt;(BirthdayPartyBalloon.java:6)
	at scrap.heap.refactor.balloon.BirthdayPartyBalloon.&lt;init&gt;(BirthdayPartyBalloon.java:6)
	at scrap.heap.refactor.balloon.BirthdayPartyBalloon.&lt;init&gt;(BirthdayPartyBalloon.java:6)
	at scrap.heap.refactor.balloon.BirthdayPartyBalloon.&lt;init&gt;(BirthdayPartyBalloon.java:6)
	at scrap.heap.refactor.balloon.BirthdayPartyBalloon.&lt;init&gt;(BirthdayPartyBalloon.java:6)
	at scrap.heap.refactor.balloon.BirthdayPartyBalloon.&lt;init&gt;(BirthdayPartyBalloon.java:6)
	at scrap.heap.refactor.balloon.BirthdayPartyBalloon.&lt;init&gt;(BirthdayPartyBalloon.java:6)
	at scrap.heap.refactor.balloon.BirthdayPartyBalloon.&lt;init&gt;(BirthdayPartyBalloon.java:6)
	at scrap.heap.refactor.balloon.BirthdayPartyBalloon.&lt;init&gt;(BirthdayPartyBalloon.java:6)
	at scrap.heap.refactor.balloon.BirthdayPartyBalloon.&lt;init&gt;(BirthdayPartyBalloon.java:6)
	at scrap.heap.refactor.balloon.BirthdayPartyBalloon.&lt;init&gt;(BirthdayPartyBalloon.java:6)
	at scrap.heap.refactor.balloon.BirthdayPartyBalloon.&lt;init&gt;(BirthdayPartyBalloon.java:6)
	at scrap.heap.refactor.balloon.BirthdayPartyBalloon.&lt;init&gt;(BirthdayPartyBalloon.java:6)
	at scrap.heap.refactor.balloon.BirthdayPartyBalloon.&lt;init&gt;(BirthdayPartyBalloon.java:6)
	at scrap.heap.refactor.balloon.BirthdayPartyBalloon.&lt;init&gt;(BirthdayPartyBalloon.java:6)
	at scrap.heap.refactor.balloon.BirthdayPartyBalloon.&lt;init&gt;(BirthdayPartyBalloon.java:6)
	at scrap.heap.refactor.balloon.BirthdayPartyBalloon.&lt;init&gt;(BirthdayPartyBalloon.java:6)
	at scrap.heap.refactor.balloon.BirthdayPartyBalloon.&lt;init&gt;(BirthdayPartyBalloon.java:6)
	at scrap.heap.refactor.balloon.BirthdayPartyBalloon.&lt;init&gt;(BirthdayPartyBalloon.java:6)
	at scrap.heap.refactor.balloon.BirthdayPartyBalloon.&lt;init&gt;(BirthdayPartyBalloon.java:6)
	at scrap.heap.refactor.balloon.BirthdayPartyBalloon.&lt;init&gt;(BirthdayPartyBalloon.java:6)
	at scrap.heap.refactor.balloon.BirthdayPartyBalloon.&lt;init&gt;(BirthdayPartyBalloon.java:6)
	at scrap.heap.refactor.balloon.BirthdayPartyBalloon.&lt;init&gt;(BirthdayPartyBalloon.java:6)
	at scrap.heap.refactor.balloon.BirthdayPartyBalloon.&lt;init&gt;(BirthdayPartyBalloon.java:6)
	at scrap.heap.refactor.balloon.BirthdayPartyBalloon.&lt;init&gt;(BirthdayPartyBalloon.java:6)
	at scrap.heap.refactor.balloon.BirthdayPartyBalloon.&lt;init&gt;(BirthdayPartyBalloon.java:6)
	at scrap.heap.refactor.balloon.BirthdayPartyBalloon.&lt;init&gt;(BirthdayPartyBalloon.java:6)
	at scrap.heap.refactor.balloon.BirthdayPartyBalloon.&lt;init&gt;(BirthdayPartyBalloon.java:6)
	at scrap.heap.refactor.balloon.BirthdayPartyBalloon.&lt;init&gt;(BirthdayPartyBalloon.java:6)
	at scrap.heap.refactor.balloon.BirthdayPartyBalloon.&lt;init&gt;(BirthdayPartyBalloon.java:6)
	at scrap.heap.refactor.balloon.BirthdayPartyBalloon.&lt;init&gt;(BirthdayPartyBalloon.java:6)
	at scrap.heap.refactor.balloon.BirthdayPartyBalloon.&lt;init&gt;(BirthdayPartyBalloon.java:6)
	at scrap.heap.refactor.balloon.BirthdayPartyBalloon.&lt;init&gt;(BirthdayPartyBalloon.java:6)
	at scrap.heap.refactor.balloon.BirthdayPartyBalloon.&lt;init&gt;(BirthdayPartyBalloon.java:6)
	at scrap.heap.refactor.balloon.BirthdayPartyBalloon.&lt;init&gt;(BirthdayPartyBalloon.java:6)
	at scrap.heap.refactor.balloon.BirthdayPartyBalloon.&lt;init&gt;(BirthdayPartyBalloon.java:6)
	at scrap.heap.refactor.balloon.BirthdayPartyBalloon.&lt;init&gt;(BirthdayPartyBalloon.java:6)
	at scrap.heap.refactor.balloon.BirthdayPartyBalloon.&lt;init&gt;(BirthdayPartyBalloon.java:6)
	at scrap.heap.refactor.balloon.BirthdayPartyBalloon.&lt;init&gt;(BirthdayPartyBalloon.java:6)
	at scrap.heap.refactor.balloon.BirthdayPartyBalloon.&lt;init&gt;(BirthdayPartyBalloon.java:6)
	at scrap.heap.refactor.balloon.BirthdayPartyBalloon.&lt;init&gt;(BirthdayPartyBalloon.java:6)
	at scrap.heap.refactor.balloon.BirthdayPartyBalloon.&lt;init&gt;(BirthdayPartyBalloon.java:6)
	at scrap.heap.refactor.balloon.BirthdayPartyBalloon.&lt;init&gt;(BirthdayPartyBalloon.java:6)
	at scrap.heap.refactor.balloon.BirthdayPartyBalloon.&lt;init&gt;(BirthdayPartyBalloon.java:6)
	at scrap.heap.refactor.balloon.BirthdayPartyBalloon.&lt;init&gt;(BirthdayPartyBalloon.java:6)
	at scrap.heap.refactor.balloon.BirthdayPartyBalloon.&lt;init&gt;(BirthdayPartyBalloon.java:6)
	at scrap.heap.refactor.balloon.BirthdayPartyBalloon.&lt;init&gt;(BirthdayPartyBalloon.java:6)
	at scrap.heap.refactor.balloon.BirthdayPartyBalloon.&lt;init&gt;(BirthdayPartyBalloon.java:6)
	at scrap.heap.refactor.balloon.BirthdayPartyBalloon.&lt;init&gt;(BirthdayPartyBalloon.java:6)
	at scrap.heap.refactor.balloon.BirthdayPartyBalloon.&lt;init&gt;(BirthdayPartyBalloon.java:6)
	at scrap.heap.refactor.balloon.BirthdayPartyBalloon.&lt;init&gt;(BirthdayPartyBalloon.java:6)
	at scrap.heap.refactor.balloon.BirthdayPartyBalloon.&lt;init&gt;(BirthdayPartyBalloon.java:6)
	at scrap.heap.refactor.balloon.BirthdayPartyBalloon.&lt;init&gt;(BirthdayPartyBalloon.java:6)
	at scrap.heap.refactor.balloon.BirthdayPartyBalloon.&lt;init&gt;(BirthdayPartyBalloon.java:6)
	at scrap.heap.refactor.balloon.BirthdayPartyBalloon.&lt;init&gt;(BirthdayPartyBalloon.java:6)
	at scrap.heap.refactor.balloon.BirthdayPartyBalloon.&lt;init&gt;(BirthdayPartyBalloon.java:6)
	at scrap.heap.refactor.balloon.BirthdayPartyBalloon.&lt;init&gt;(BirthdayPartyBalloon.java:6)
	at scrap.heap.refactor.balloon.BirthdayPartyBalloon.&lt;init&gt;(BirthdayPartyBalloon.java:6)
	at scrap.heap.refactor.balloon.BirthdayPartyBalloon.&lt;init&gt;(BirthdayPartyBalloon.java:6)
	at scrap.heap.refactor.balloon.BirthdayPartyBalloon.&lt;init&gt;(BirthdayPartyBalloon.java:6)
	at scrap.heap.refactor.balloon.BirthdayPartyBalloon.&lt;init&gt;(BirthdayPartyBalloon.java:6)
	at scrap.heap.refactor.balloon.BirthdayPartyBalloon.&lt;init&gt;(BirthdayPartyBalloon.java:6)
	at scrap.heap.refactor.balloon.BirthdayPartyBalloon.&lt;init&gt;(BirthdayPartyBalloon.java:6)
	at scrap.heap.refactor.balloon.BirthdayPartyBalloon.&lt;init&gt;(BirthdayPartyBalloon.java:6)
	at scrap.heap.refactor.balloon.BirthdayPartyBalloon.&lt;init&gt;(BirthdayPartyBalloon.java:6)
	at scrap.heap.refactor.balloon.BirthdayPartyBalloon.&lt;init&gt;(BirthdayPartyBalloon.java:6)
	at scrap.heap.refactor.balloon.BirthdayPartyBalloon.&lt;init&gt;(BirthdayPartyBalloon.java:6)
	at scrap.heap.refactor.balloon.BirthdayPartyBalloon.&lt;init&gt;(BirthdayPartyBalloon.java:6)
	at scrap.heap.refactor.balloon.BirthdayPartyBalloon.&lt;init&gt;(BirthdayPartyBalloon.java:6)
	at scrap.heap.refactor.balloon.BirthdayPartyBalloon.&lt;init&gt;(BirthdayPartyBalloon.java:6)
	at scrap.heap.refactor.balloon.BirthdayPartyBalloon.&lt;init&gt;(BirthdayPartyBalloon.java:6)
	at scrap.heap.refactor.balloon.BirthdayPartyBalloon.&lt;init&gt;(BirthdayPartyBalloon.java:6)
	at scrap.heap.refactor.balloon.BirthdayPartyBalloon.&lt;init&gt;(BirthdayPartyBalloon.java:6)
	at scrap.heap.refactor.balloon.BirthdayPartyBalloon.&lt;init&gt;(BirthdayPartyBalloon.java:6)
	at scrap.heap.refactor.balloon.BirthdayPartyBalloon.&lt;init&gt;(BirthdayPartyBalloon.java:6)
	at scrap.heap.refactor.balloon.BirthdayPartyBalloon.&lt;init&gt;(BirthdayPartyBalloon.java:6)
	at scrap.heap.refactor.balloon.BirthdayPartyBalloon.&lt;init&gt;(BirthdayPartyBalloon.java:6)
	at scrap.heap.refactor.balloon.BirthdayPartyBalloon.&lt;init&gt;(BirthdayPartyBalloon.java:6)
	at scrap.heap.refactor.balloon.BirthdayPartyBalloon.&lt;init&gt;(BirthdayPartyBalloon.java:6)
	at scrap.heap.refactor.balloon.BirthdayPartyBalloon.&lt;init&gt;(BirthdayPartyBalloon.java:6)
	at scrap.heap.refactor.balloon.BirthdayPartyBalloon.&lt;init&gt;(BirthdayPartyBalloon.java:6)
	at scrap.heap.refactor.balloon.BirthdayPartyBalloon.&lt;init&gt;(BirthdayPartyBalloon.java:6)
	at scrap.heap.refactor.balloon.BirthdayPartyBalloon.&lt;init&gt;(BirthdayPartyBalloon.java:6)
	at scrap.heap.refactor.balloon.BirthdayPartyBalloon.&lt;init&gt;(BirthdayPartyBalloon.java:6)
	at scrap.heap.refactor.balloon.BirthdayPartyBalloon.&lt;init&gt;(BirthdayPartyBalloon.java:6)
	at scrap.heap.refactor.balloon.BirthdayPartyBalloon.&lt;init&gt;(BirthdayPartyBalloon.java:6)
	at scrap.heap.refactor.balloon.BirthdayPartyBalloon.&lt;init&gt;(BirthdayPartyBalloon.java:6)
	at scrap.heap.refactor.balloon.BirthdayPartyBalloon.&lt;init&gt;(BirthdayPartyBalloon.java:6)
	at scrap.heap.refactor.balloon.BirthdayPartyBalloon.&lt;init&gt;(BirthdayPartyBalloon.java:6)
	at scrap.heap.refactor.balloon.BirthdayPartyBalloon.&lt;init&gt;(BirthdayPartyBalloon.java:6)
	at scrap.heap.refactor.balloon.BirthdayPartyBalloon.&lt;init&gt;(BirthdayPartyBalloon.java:6)
	at scrap.heap.refactor.balloon.BirthdayPartyBalloon.&lt;init&gt;(BirthdayPartyBalloon.java:6)
	at scrap.heap.refactor.balloon.BirthdayPartyBalloon.&lt;init&gt;(BirthdayPartyBalloon.java:6)
	at scrap.heap.refactor.balloon.BirthdayPartyBalloon.&lt;init&gt;(BirthdayPartyBalloon.java:6)
	at scrap.heap.refactor.balloon.BirthdayPartyBalloon.&lt;init&gt;(BirthdayPartyBalloon.java:6)
	at scrap.heap.refactor.balloon.BirthdayPartyBalloon.&lt;init&gt;(BirthdayPartyBalloon.java:6)
	at scrap.heap.refactor.balloon.BirthdayPartyBalloon.&lt;init&gt;(BirthdayPartyBalloon.java:6)
	at scrap.heap.refactor.balloon.BirthdayPartyBalloon.&lt;init&gt;(BirthdayPartyBalloon.java:6)
	at scrap.heap.refactor.balloon.BirthdayPartyBalloon.&lt;init&gt;(BirthdayPartyBalloon.java:6)
	at scrap.heap.refactor.balloon.BirthdayPartyBalloon.&lt;init&gt;(BirthdayPartyBalloon.java:6)
	at scrap.heap.refactor.balloon.BirthdayPartyBalloon.&lt;init&gt;(BirthdayPartyBalloon.java:6)
	at scrap.heap.refactor.balloon.BirthdayPartyBalloon.&lt;init&gt;(BirthdayPartyBalloon.java:6)
	at scrap.heap.refactor.balloon.BirthdayPartyBalloon.&lt;init&gt;(BirthdayPartyBalloon.java:6)
	at scrap.heap.refactor.balloon.BirthdayPartyBalloon.&lt;init&gt;(BirthdayPartyBalloon.java:6)
	at scrap.heap.refactor.balloon.BirthdayPartyBalloon.&lt;init&gt;(BirthdayPartyBalloon.java:6)
	at scrap.heap.refactor.balloon.BirthdayPartyBalloon.&lt;init&gt;(BirthdayPartyBalloon.java:6)
	at scrap.heap.refactor.balloon.BirthdayPartyBalloon.&lt;init&gt;(BirthdayPartyBalloon.java:6)
	at scrap.heap.refactor.balloon.BirthdayPartyBalloon.&lt;init&gt;(BirthdayPartyBalloon.java:6)
	at scrap.heap.refactor.balloon.BirthdayPartyBalloon.&lt;init&gt;(BirthdayPartyBalloon.java:6)
	at scrap.heap.refactor.balloon.BirthdayPartyBalloon.&lt;init&gt;(BirthdayPartyBalloon.java:6)
	at scrap.heap.refactor.balloon.BirthdayPartyBalloon.&lt;init&gt;(BirthdayPartyBalloon.java:6)
	at scrap.heap.refactor.balloon.BirthdayPartyBalloon.&lt;init&gt;(BirthdayPartyBalloon.java:6)
	at scrap.heap.refactor.balloon.BirthdayPartyBalloon.&lt;init&gt;(BirthdayPartyBalloon.java:6)
	at scrap.heap.refactor.balloon.BirthdayPartyBalloon.&lt;init&gt;(BirthdayPartyBalloon.java:6)
	at scrap.heap.refactor.balloon.BirthdayPartyBalloon.&lt;init&gt;(BirthdayPartyBalloon.java:6)
	at scrap.heap.refactor.balloon.BirthdayPartyBalloon.&lt;init&gt;(BirthdayPartyBalloon.java:6)
	at scrap.heap.refactor.balloon.BirthdayPartyBalloon.&lt;init&gt;(BirthdayPartyBalloon.java:6)
	at scrap.heap.refactor.balloon.BirthdayPartyBalloon.&lt;init&gt;(BirthdayPartyBalloon.java:6)
	at scrap.heap.refactor.balloon.BirthdayPartyBalloon.&lt;init&gt;(BirthdayPartyBalloon.java:6)
	at scrap.heap.refactor.balloon.BirthdayPartyBalloon.&lt;init&gt;(BirthdayPartyBalloon.java:6)
	at scrap.heap.refactor.balloon.BirthdayPartyBalloon.&lt;init&gt;(BirthdayPartyBalloon.java:6)
	at scrap.heap.refactor.balloon.BirthdayPartyBalloon.&lt;init&gt;(BirthdayPartyBalloon.java:6)
	at scrap.heap.refactor.balloon.BirthdayPartyBalloon.&lt;init&gt;(BirthdayPartyBalloon.java:6)
	at scrap.heap.refactor.balloon.BirthdayPartyBalloon.&lt;init&gt;(BirthdayPartyBalloon.java:6)
	at scrap.heap.refactor.balloon.BirthdayPartyBalloon.&lt;init&gt;(BirthdayPartyBalloon.java:6)
	at scrap.heap.refactor.balloon.BirthdayPartyBalloon.&lt;init&gt;(BirthdayPartyBalloon.java:6)
	at scrap.heap.refactor.balloon.BirthdayPartyBalloon.&lt;init&gt;(BirthdayPartyBalloon.java:6)
	at scrap.heap.refactor.balloon.BirthdayPartyBalloon.&lt;init&gt;(BirthdayPartyBalloon.java:6)
	at scrap.heap.refactor.balloon.BirthdayPartyBalloon.&lt;init&gt;(BirthdayPartyBalloon.java:6)
	at scrap.heap.refactor.balloon.BirthdayPartyBalloon.&lt;init&gt;(BirthdayPartyBalloon.java:6)
	at scrap.heap.refactor.balloon.BirthdayPartyBalloon.&lt;init&gt;(BirthdayPartyBalloon.java:6)
	at scrap.heap.refactor.balloon.BirthdayPartyBalloon.&lt;init&gt;(BirthdayPartyBalloon.java:6)
	at scrap.heap.refactor.balloon.BirthdayPartyBalloon.&lt;init&gt;(BirthdayPartyBalloon.java:6)
	at scrap.heap.refactor.balloon.BirthdayPartyBalloon.&lt;init&gt;(BirthdayPartyBalloon.java:6)
	at scrap.heap.refactor.balloon.BirthdayPartyBalloon.&lt;init&gt;(BirthdayPartyBalloon.java:6)
	at scrap.heap.refactor.balloon.BirthdayPartyBalloon.&lt;init&gt;(BirthdayPartyBalloon.java:6)
	at scrap.heap.refactor.balloon.BirthdayPartyBalloon.&lt;init&gt;(BirthdayPartyBalloon.java:6)
	at scrap.heap.refactor.balloon.BirthdayPartyBalloon.&lt;init&gt;(BirthdayPartyBalloon.java:6)
	at scrap.heap.refactor.balloon.BirthdayPartyBalloon.&lt;init&gt;(BirthdayPartyBalloon.java:6)
	at scrap.heap.refactor.balloon.BirthdayPartyBalloon.&lt;init&gt;(BirthdayPartyBalloon.java:6)
	at scrap.heap.refactor.balloon.BirthdayPartyBalloon.&lt;init&gt;(BirthdayPartyBalloon.java:6)
	at scrap.heap.refactor.balloon.BirthdayPartyBalloon.&lt;init&gt;(BirthdayPartyBalloon.java:6)
	at scrap.heap.refactor.balloon.BirthdayPartyBalloon.&lt;init&gt;(BirthdayPartyBalloon.java:6)
	at scrap.heap.refactor.balloon.BirthdayPartyBalloon.&lt;init&gt;(BirthdayPartyBalloon.java:6)
	at scrap.heap.refactor.balloon.BirthdayPartyBalloon.&lt;init&gt;(BirthdayPartyBalloon.java:6)
	at scrap.heap.refactor.balloon.BirthdayPartyBalloon.&lt;init&gt;(BirthdayPartyBalloon.java:6)
	at scrap.heap.refactor.balloon.BirthdayPartyBalloon.&lt;init&gt;(BirthdayPartyBalloon.java:6)
	at scrap.heap.refactor.balloon.BirthdayPartyBalloon.&lt;init&gt;(BirthdayPartyBalloon.java:6)
	at scrap.heap.refactor.balloon.BirthdayPartyBalloon.&lt;init&gt;(BirthdayPartyBalloon.java:6)
	at scrap.heap.refactor.balloon.BirthdayPartyBalloon.&lt;init&gt;(BirthdayPartyBalloon.java:6)
	at scrap.heap.refactor.balloon.BirthdayPartyBalloon.&lt;init&gt;(BirthdayPartyBalloon.java:6)
	at scrap.heap.refactor.balloon.BirthdayPartyBalloon.&lt;init&gt;(BirthdayPartyBalloon.java:6)
	at scrap.heap.refactor.balloon.BirthdayPartyBalloon.&lt;init&gt;(BirthdayPartyBalloon.java:6)
	at scrap.heap.refactor.balloon.BirthdayPartyBalloon.&lt;init&gt;(BirthdayPartyBalloon.java:6)
	at scrap.heap.refactor.balloon.BirthdayPartyBalloon.&lt;init&gt;(BirthdayPartyBalloon.java:6)
	at scrap.heap.refactor.balloon.BirthdayPartyBalloon.&lt;init&gt;(BirthdayPartyBalloon.java:6)
	at scrap.heap.refactor.balloon.BirthdayPartyBalloon.&lt;init&gt;(BirthdayPartyBalloon.java:6)
	at scrap.heap.refactor.balloon.BirthdayPartyBalloon.&lt;init&gt;(BirthdayPartyBalloon.java:6)
	at scrap.heap.refactor.balloon.BirthdayPartyBalloon.&lt;init&gt;(BirthdayPartyBalloon.java:6)
	at scrap.heap.refactor.balloon.BirthdayPartyBalloon.&lt;init&gt;(BirthdayPartyBalloon.java:6)
	at scrap.heap.refactor.balloon.BirthdayPartyBalloon.&lt;init&gt;(BirthdayPartyBalloon.java:6)
	at scrap.heap.refactor.balloon.BirthdayPartyBalloon.&lt;init&gt;(BirthdayPartyBalloon.java:6)
	at scrap.heap.refactor.balloon.BirthdayPartyBalloon.&lt;init&gt;(BirthdayPartyBalloon.java:6)
	at scrap.heap.refactor.balloon.BirthdayPartyBalloon.&lt;init&gt;(BirthdayPartyBalloon.java:6)
	at scrap.heap.refactor.balloon.BirthdayPartyBalloon.&lt;init&gt;(BirthdayPartyBalloon.java:6)
	at scrap.heap.refactor.balloon.BirthdayPartyBalloon.&lt;init&gt;(BirthdayPartyBalloon.java:6)
	at scrap.heap.refactor.balloon.BirthdayPartyBalloon.&lt;init&gt;(BirthdayPartyBalloon.java:6)
	at scrap.heap.refactor.balloon.BirthdayPartyBalloon.&lt;init&gt;(BirthdayPartyBalloon.java:6)
	at scrap.heap.refactor.balloon.BirthdayPartyBalloon.&lt;init&gt;(BirthdayPartyBalloon.java:6)
	at scrap.heap.refactor.balloon.BirthdayPartyBalloon.&lt;init&gt;(BirthdayPartyBalloon.java:6)
	at scrap.heap.refactor.balloon.BirthdayPartyBalloon.&lt;init&gt;(BirthdayPartyBalloon.java:6)
	at scrap.heap.refactor.balloon.BirthdayPartyBalloon.&lt;init&gt;(BirthdayPartyBalloon.java:6)
	at scrap.heap.refactor.balloon.BirthdayPartyBalloon.&lt;init&gt;(BirthdayPartyBalloon.java:6)
	at scrap.heap.refactor.balloon.BirthdayPartyBalloon.&lt;init&gt;(BirthdayPartyBalloon.java:6)
	at scrap.heap.refactor.balloon.BirthdayPartyBalloon.&lt;init&gt;(BirthdayPartyBalloon.java:6)
	at scrap.heap.refactor.balloon.BirthdayPartyBalloon.&lt;init&gt;(BirthdayPartyBalloon.java:6)
	at scrap.heap.refactor.balloon.BirthdayPartyBalloon.&lt;init&gt;(BirthdayPartyBalloon.java:6)
	at scrap.heap.refactor.balloon.BirthdayPartyBalloon.&lt;init&gt;(BirthdayPartyBalloon.java:6)
	at scrap.heap.refactor.balloon.BirthdayPartyBalloon.&lt;init&gt;(BirthdayPartyBalloon.java:6)
	at scrap.heap.refactor.balloon.BirthdayPartyBalloon.&lt;init&gt;(BirthdayPartyBalloon.java:6)
	at scrap.heap.refactor.balloon.BirthdayPartyBalloon.&lt;init&gt;(BirthdayPartyBalloon.java:6)
	at scrap.heap.refactor.balloon.BirthdayPartyBalloon.&lt;init&gt;(BirthdayPartyBalloon.java:6)
	at scrap.heap.refactor.balloon.BirthdayPartyBalloon.&lt;init&gt;(BirthdayPartyBalloon.java:6)
	at scrap.heap.refactor.balloon.BirthdayPartyBalloon.&lt;init&gt;(BirthdayPartyBalloon.java:6)
	at scrap.heap.refactor.balloon.BirthdayPartyBalloon.&lt;init&gt;(BirthdayPartyBalloon.java:6)
	at scrap.heap.refactor.balloon.BirthdayPartyBalloon.&lt;init&gt;(BirthdayPartyBalloon.java:6)
	at scrap.heap.refactor.balloon.BirthdayPartyBalloon.&lt;init&gt;(BirthdayPartyBalloon.java:6)
	at scrap.heap.refactor.balloon.BirthdayPartyBalloon.&lt;init&gt;(BirthdayPartyBalloon.java:6)
	at scrap.heap.refactor.balloon.BirthdayPartyBalloon.&lt;init&gt;(BirthdayPartyBalloon.java:6)
	at scrap.heap.refactor.balloon.BirthdayPartyBalloon.&lt;init&gt;(BirthdayPartyBalloon.java:6)
	at scrap.heap.refactor.balloon.BirthdayPartyBalloon.&lt;init&gt;(BirthdayPartyBalloon.java:6)
	at scrap.heap.refactor.balloon.BirthdayPartyBalloon.&lt;init&gt;(BirthdayPartyBalloon.java:6)
	at scrap.heap.refactor.balloon.BirthdayPartyBalloon.&lt;init&gt;(BirthdayPartyBalloon.java:6)
	at scrap.heap.refactor.balloon.BirthdayPartyBalloon.&lt;init&gt;(BirthdayPartyBalloon.java:6)
	at scrap.heap.refactor.balloon.BirthdayPartyBalloon.&lt;init&gt;(BirthdayPartyBalloon.java:6)
	at scrap.heap.refactor.balloon.BirthdayPartyBalloon.&lt;init&gt;(BirthdayPartyBalloon.java:6)
	at scrap.heap.refactor.balloon.BirthdayPartyBalloon.&lt;init&gt;(BirthdayPartyBalloon.java:6)
	at scrap.heap.refactor.balloon.BirthdayPartyBalloon.&lt;init&gt;(BirthdayPartyBalloon.java:6)
	at scrap.heap.refactor.balloon.BirthdayPartyBalloon.&lt;init&gt;(BirthdayPartyBalloon.java:6)
	at scrap.heap.refactor.balloon.BirthdayPartyBalloon.&lt;init&gt;(BirthdayPartyBalloon.java:6)
	at scrap.heap.refactor.balloon.BirthdayPartyBalloon.&lt;init&gt;(BirthdayPartyBalloon.java:6)
	at scrap.heap.refactor.balloon.BirthdayPartyBalloon.&lt;init&gt;(BirthdayPartyBalloon.java:6)
	at scrap.heap.refactor.balloon.BirthdayPartyBalloon.&lt;init&gt;(BirthdayPartyBalloon.java:6)
	at scrap.heap.refactor.balloon.BirthdayPartyBalloon.&lt;init&gt;(BirthdayPartyBalloon.java:6)
	at scrap.heap.refactor.balloon.BirthdayPartyBalloon.&lt;init&gt;(BirthdayPartyBalloon.java:6)
	at scrap.heap.refactor.balloon.BirthdayPartyBalloon.&lt;init&gt;(BirthdayPartyBalloon.java:6)
	at scrap.heap.refactor.balloon.BirthdayPartyBalloon.&lt;init&gt;(BirthdayPartyBalloon.java:6)
	at scrap.heap.refactor.balloon.BirthdayPartyBalloon.&lt;init&gt;(BirthdayPartyBalloon.java:6)
	at scrap.heap.refactor.balloon.BirthdayPartyBalloon.&lt;init&gt;(BirthdayPartyBalloon.java:6)
	at scrap.heap.refactor.balloon.BirthdayPartyBalloon.&lt;init&gt;(BirthdayPartyBalloon.java:6)
	at scrap.heap.refactor.balloon.BirthdayPartyBalloon.&lt;init&gt;(BirthdayPartyBalloon.java:6)
	at scrap.heap.refactor.balloon.BirthdayPartyBalloon.&lt;init&gt;(BirthdayPartyBalloon.java:6)
	at scrap.heap.refactor.balloon.BirthdayPartyBalloon.&lt;init&gt;(BirthdayPartyBalloon.java:6)
	at scrap.heap.refactor.balloon.BirthdayPartyBalloon.&lt;init&gt;(BirthdayPartyBalloon.java:6)
	at scrap.heap.refactor.balloon.BirthdayPartyBalloon.&lt;init&gt;(BirthdayPartyBalloon.java:6)
	at scrap.heap.refactor.balloon.BirthdayPartyBalloon.&lt;init&gt;(BirthdayPartyBalloon.java:6)
	at scrap.heap.refactor.balloon.BirthdayPartyBalloon.&lt;init&gt;(BirthdayPartyBalloon.java:6)
	at scrap.heap.refactor.balloon.BirthdayPartyBalloon.&lt;init&gt;(BirthdayPartyBalloon.java:6)
	at scrap.heap.refactor.balloon.BirthdayPartyBalloon.&lt;init&gt;(BirthdayPartyBalloon.java:6)
	at scrap.heap.refactor.balloon.BirthdayPartyBalloon.&lt;init&gt;(BirthdayPartyBalloon.java:6)
	at scrap.heap.refactor.balloon.BirthdayPartyBalloon.&lt;init&gt;(BirthdayPartyBalloon.java:6)
	at scrap.heap.refactor.balloon.BirthdayPartyBalloon.&lt;init&gt;(BirthdayPartyBalloon.java:6)
	at scrap.heap.refactor.balloon.BirthdayPartyBalloon.&lt;init&gt;(BirthdayPartyBalloon.java:6)
	at scrap.heap.refactor.balloon.BirthdayPartyBalloon.&lt;init&gt;(BirthdayPartyBalloon.java:6)
	at scrap.heap.refactor.balloon.BirthdayPartyBalloon.&lt;init&gt;(BirthdayPartyBalloon.java:6)
	at scrap.heap.refactor.balloon.BirthdayPartyBalloon.&lt;init&gt;(BirthdayPartyBalloon.java:6)
	at scrap.heap.refactor.balloon.BirthdayPartyBalloon.&lt;init&gt;(BirthdayPartyBalloon.java:6)
	at scrap.heap.refactor.balloon.BirthdayPartyBalloon.&lt;init&gt;(BirthdayPartyBalloon.java:6)
	at scrap.heap.refactor.balloon.BirthdayPartyBalloon.&lt;init&gt;(BirthdayPartyBalloon.java:6)
	at scrap.heap.refactor.balloon.BirthdayPartyBalloon.&lt;init&gt;(BirthdayPartyBalloon.java:6)
	at scrap.heap.refactor.balloon.BirthdayPartyBalloon.&lt;init&gt;(BirthdayPartyBalloon.java:6)
	at scrap.heap.refactor.balloon.BirthdayPartyBalloon.&lt;init&gt;(BirthdayPartyBalloon.java:6)
	at scrap.heap.refactor.balloon.BirthdayPartyBalloon.&lt;init&gt;(BirthdayPartyBalloon.java:6)
	at scrap.heap.refactor.balloon.BirthdayPartyBalloon.&lt;init&gt;(BirthdayPartyBalloon.java:6)
	at scrap.heap.refactor.balloon.BirthdayPartyBalloon.&lt;init&gt;(BirthdayPartyBalloon.java:6)
	at scrap.heap.refactor.balloon.BirthdayPartyBalloon.&lt;init&gt;(BirthdayPartyBalloon.java:6)
	at scrap.heap.refactor.balloon.BirthdayPartyBalloon.&lt;init&gt;(BirthdayPartyBalloon.java:6)
	at scrap.heap.refactor.balloon.BirthdayPartyBalloon.&lt;init&gt;(BirthdayPartyBalloon.java:6)
	at scrap.heap.refactor.balloon.BirthdayPartyBalloon.&lt;init&gt;(BirthdayPartyBalloon.java:6)
	at scrap.heap.refactor.balloon.BirthdayPartyBalloon.&lt;init&gt;(BirthdayPartyBalloon.java:6)
	at scrap.heap.refactor.balloon.BirthdayPartyBalloon.&lt;init&gt;(BirthdayPartyBalloon.java:6)
	at scrap.heap.refactor.balloon.BirthdayPartyBalloon.&lt;init&gt;(BirthdayPartyBalloon.java:6)
	at scrap.heap.refactor.balloon.BirthdayPartyBalloon.&lt;init&gt;(BirthdayPartyBalloon.java:6)
	at scrap.heap.refactor.balloon.BirthdayPartyBalloon.&lt;init&gt;(BirthdayPartyBalloon.java:6)
	at scrap.heap.refactor.balloon.BirthdayPartyBalloon.&lt;init&gt;(BirthdayPartyBalloon.java:6)
	at scrap.heap.refactor.balloon.BirthdayPartyBalloon.&lt;init&gt;(BirthdayPartyBalloon.java:6)
	at scrap.heap.refactor.balloon.BirthdayPartyBalloon.&lt;init&gt;(BirthdayPartyBalloon.java:6)
	at scrap.heap.refactor.balloon.BirthdayPartyBalloon.&lt;init&gt;(BirthdayPartyBalloon.java:6)
	at scrap.heap.refactor.balloon.BirthdayPartyBalloon.&lt;init&gt;(BirthdayPartyBalloon.java:6)
	at scrap.heap.refactor.balloon.BirthdayPartyBalloon.&lt;init&gt;(BirthdayPartyBalloon.java:6)
	at scrap.heap.refactor.balloon.BirthdayPartyBalloon.&lt;init&gt;(BirthdayPartyBalloon.java:6)
	at scrap.heap.refactor.balloon.BirthdayPartyBalloon.&lt;init&gt;(BirthdayPartyBalloon.java:6)
	at scrap.heap.refactor.balloon.BirthdayPartyBalloon.&lt;init&gt;(BirthdayPartyBalloon.java:6)
	at scrap.heap.refactor.balloon.BirthdayPartyBalloon.&lt;init&gt;(BirthdayPartyBalloon.java:6)
	at scrap.heap.refactor.balloon.BirthdayPartyBalloon.&lt;init&gt;(BirthdayPartyBalloon.java:6)
	at scrap.heap.refactor.balloon.BirthdayPartyBalloon.&lt;init&gt;(BirthdayPartyBalloon.java:6)
	at scrap.heap.refactor.balloon.BirthdayPartyBalloon.&lt;init&gt;(BirthdayPartyBalloon.java:6)
	at scrap.heap.refactor.balloon.BirthdayPartyBalloon.&lt;init&gt;(BirthdayPartyBalloon.java:6)
	at scrap.heap.refactor.balloon.BirthdayPartyBalloon.&lt;init&gt;(BirthdayPartyBalloon.java:6)
	at scrap.heap.refactor.balloon.BirthdayPartyBalloon.&lt;init&gt;(BirthdayPartyBalloon.java:6)
	at scrap.heap.refactor.balloon.BirthdayPartyBalloon.&lt;init&gt;(BirthdayPartyBalloon.java:6)
	at scrap.heap.refactor.balloon.BirthdayPartyBalloon.&lt;init&gt;(BirthdayPartyBalloon.java:6)
	at scrap.heap.refactor.balloon.BirthdayPartyBalloon.&lt;init&gt;(BirthdayPartyBalloon.java:6)
	at scrap.heap.refactor.balloon.BirthdayPartyBalloon.&lt;init&gt;(BirthdayPartyBalloon.java:6)
	at scrap.heap.refactor.balloon.BirthdayPartyBalloon.&lt;init&gt;(BirthdayPartyBalloon.java:6)
	at scrap.heap.refactor.balloon.BirthdayPartyBalloon.&lt;init&gt;(BirthdayPartyBalloon.java:6)
	at scrap.heap.refactor.balloon.BirthdayPartyBalloon.&lt;init&gt;(BirthdayPartyBalloon.java:6)
	at scrap.heap.refactor.balloon.BirthdayPartyBalloon.&lt;init&gt;(BirthdayPartyBalloon.java:6)
	at scrap.heap.refactor.balloon.BirthdayPartyBalloon.&lt;init&gt;(BirthdayPartyBalloon.java:6)
	at scrap.heap.refactor.balloon.BirthdayPartyBalloon.&lt;init&gt;(BirthdayPartyBalloon.java:6)
	at scrap.heap.refactor.balloon.BirthdayPartyBalloon.&lt;init&gt;(BirthdayPartyBalloon.java:6)
	at scrap.heap.refactor.balloon.BirthdayPartyBalloon.&lt;init&gt;(BirthdayPartyBalloon.java:6)
	at scrap.heap.refactor.balloon.BirthdayPartyBalloon.&lt;init&gt;(BirthdayPartyBalloon.java:6)
	at scrap.heap.refactor.balloon.BirthdayPartyBalloon.&lt;init&gt;(BirthdayPartyBalloon.java:6)
	at scrap.heap.refactor.balloon.BirthdayPartyBalloon.&lt;init&gt;(BirthdayPartyBalloon.java:6)
	at scrap.heap.refactor.balloon.BirthdayPartyBalloon.&lt;init&gt;(BirthdayPartyBalloon.java:6)
	at scrap.heap.refactor.balloon.BirthdayPartyBalloon.&lt;init&gt;(BirthdayPartyBalloon.java:6)
	at scrap.heap.refactor.balloon.BirthdayPartyBalloon.&lt;init&gt;(BirthdayPartyBalloon.java:6)
	at scrap.heap.refactor.balloon.BirthdayPartyBalloon.&lt;init&gt;(BirthdayPartyBalloon.java:6)
	at scrap.heap.refactor.balloon.BirthdayPartyBalloon.&lt;init&gt;(BirthdayPartyBalloon.java:6)
	at scrap.heap.refactor.balloon.BirthdayPartyBalloon.&lt;init&gt;(BirthdayPartyBalloon.java:6)
	at scrap.heap.refactor.balloon.BirthdayPartyBalloon.&lt;init&gt;(BirthdayPartyBalloon.java:6)
	at scrap.heap.refactor.balloon.BirthdayPartyBalloon.&lt;init&gt;(BirthdayPartyBalloon.java:6)
	at scrap.heap.refactor.balloon.BirthdayPartyBalloon.&lt;init&gt;(BirthdayPartyBalloon.java:6)
	at scrap.heap.refactor.balloon.BirthdayPartyBalloon.&lt;init&gt;(BirthdayPartyBalloon.java:6)
	at scrap.heap.refactor.balloon.BirthdayPartyBalloon.&lt;init&gt;(BirthdayPartyBalloon.java:6)
	at scrap.heap.refactor.balloon.BirthdayPartyBalloon.&lt;init&gt;(BirthdayPartyBalloon.java:6)
	at scrap.heap.refactor.balloon.BirthdayPartyBalloon.&lt;init&gt;(BirthdayPartyBalloon.java:6)
	at scrap.heap.refactor.balloon.BirthdayPartyBalloon.&lt;init&gt;(BirthdayPartyBalloon.java:6)
	at scrap.heap.refactor.balloon.BirthdayPartyBalloon.&lt;init&gt;(BirthdayPartyBalloon.java:6)
	at scrap.heap.refactor.balloon.BirthdayPartyBalloon.&lt;init&gt;(BirthdayPartyBalloon.java:6)
	at scrap.heap.refactor.balloon.BirthdayPartyBalloon.&lt;init&gt;(BirthdayPartyBalloon.java:6)
	at scrap.heap.refactor.balloon.BirthdayPartyBalloon.&lt;init&gt;(BirthdayPartyBalloon.java:6)
	at scrap.heap.refactor.balloon.BirthdayPartyBalloon.&lt;init&gt;(BirthdayPartyBalloon.java:6)
	at scrap.heap.refactor.balloon.BirthdayPartyBalloon.&lt;init&gt;(BirthdayPartyBalloon.java:6)
	at scrap.heap.refactor.balloon.BirthdayPartyBalloon.&lt;init&gt;(BirthdayPartyBalloon.java:6)
	at scrap.heap.refactor.balloon.BirthdayPartyBalloon.&lt;init&gt;(BirthdayPartyBalloon.java:6)
	at scrap.heap.refactor.balloon.BirthdayPartyBalloon.&lt;init&gt;(BirthdayPartyBalloon.java:6)
	at scrap.heap.refactor.balloon.BirthdayPartyBalloon.&lt;init&gt;(BirthdayPartyBalloon.java:6)
	at scrap.heap.refactor.balloon.BirthdayPartyBalloon.&lt;init&gt;(BirthdayPartyBalloon.java:6)
	at scrap.heap.refactor.balloon.BirthdayPartyBalloon.&lt;init&gt;(BirthdayPartyBalloon.java:6)
	at scrap.heap.refactor.balloon.BirthdayPartyBalloon.&lt;init&gt;(BirthdayPartyBalloon.java:6)
	at scrap.heap.refactor.balloon.BirthdayPartyBalloon.&lt;init&gt;(BirthdayPartyBalloon.java:6)
	at scrap.heap.refactor.balloon.BirthdayPartyBalloon.&lt;init&gt;(BirthdayPartyBalloon.java:6)
	at scrap.heap.refactor.balloon.BirthdayPartyBalloon.&lt;init&gt;(BirthdayPartyBalloon.java:6)
	at scrap.heap.refactor.balloon.BirthdayPartyBalloon.&lt;init&gt;(BirthdayPartyBalloon.java:6)
	at scrap.heap.refactor.balloon.BirthdayPartyBalloon.&lt;init&gt;(BirthdayPartyBalloon.java:6)
	at scrap.heap.refactor.balloon.BirthdayPartyBalloon.&lt;init&gt;(BirthdayPartyBalloon.java:6)
	at scrap.heap.refactor.balloon.BirthdayPartyBalloon.&lt;init&gt;(BirthdayPartyBalloon.java:6)
	at scrap.heap.refactor.balloon.BirthdayPartyBalloon.&lt;init&gt;(BirthdayPartyBalloon.java:6)
	at scrap.heap.refactor.balloon.BirthdayPartyBalloon.&lt;init&gt;(BirthdayPartyBalloon.java:6)
	at scrap.heap.refactor.balloon.BirthdayPartyBalloon.&lt;init&gt;(BirthdayPartyBalloon.java:6)
	at scrap.heap.refactor.balloon.BirthdayPartyBalloon.&lt;init&gt;(BirthdayPartyBalloon.java:6)
	at scrap.heap.refactor.balloon.BirthdayPartyBalloon.&lt;init&gt;(BirthdayPartyBalloon.java:6)
	at scrap.heap.refactor.balloon.BirthdayPartyBalloon.&lt;init&gt;(BirthdayPartyBalloon.java:6)
	at scrap.heap.refactor.balloon.BirthdayPartyBalloon.&lt;init&gt;(BirthdayPartyBalloon.java:6)
	at scrap.heap.refactor.balloon.BirthdayPartyBalloon.&lt;init&gt;(BirthdayPartyBalloon.java:6)
	at scrap.heap.refactor.balloon.BirthdayPartyBalloon.&lt;init&gt;(BirthdayPartyBalloon.java:6)
	at scrap.heap.refactor.balloon.BirthdayPartyBalloon.&lt;init&gt;(BirthdayPartyBalloon.java:6)
	at scrap.heap.refactor.balloon.BirthdayPartyBalloon.&lt;init&gt;(BirthdayPartyBalloon.java:6)
	at scrap.heap.refactor.balloon.BirthdayPartyBalloon.&lt;init&gt;(BirthdayPartyBalloon.java:6)
	at scrap.heap.refactor.balloon.BirthdayPartyBalloon.&lt;init&gt;(BirthdayPartyBalloon.java:6)
	at scrap.heap.refactor.balloon.BirthdayPartyBalloon.&lt;init&gt;(BirthdayPartyBalloon.java:6)
	at scrap.heap.refactor.balloon.BirthdayPartyBalloon.&lt;init&gt;(BirthdayPartyBalloon.java:6)
	at scrap.heap.refactor.balloon.BirthdayPartyBalloon.&lt;init&gt;(BirthdayPartyBalloon.java:6)
	at scrap.heap.refactor.balloon.BirthdayPartyBalloon.&lt;init&gt;(BirthdayPartyBalloon.java:6)
	at scrap.heap.refactor.balloon.BirthdayPartyBalloon.&lt;init&gt;(BirthdayPartyBalloon.java:6)
	at scrap.heap.refactor.balloon.BirthdayPartyBalloon.&lt;init&gt;(BirthdayPartyBalloon.java:6)
	at scrap.heap.refactor.balloon.BirthdayPartyBalloon.&lt;init&gt;(BirthdayPartyBalloon.java:6)
	at scrap.heap.refactor.balloon.BirthdayPartyBalloon.&lt;init&gt;(BirthdayPartyBalloon.java:6)
	at scrap.heap.refactor.balloon.BirthdayPartyBalloon.&lt;init&gt;(BirthdayPartyBalloon.java:6)
	at scrap.heap.refactor.balloon.BirthdayPartyBalloon.&lt;init&gt;(BirthdayPartyBalloon.java:6)
	at scrap.heap.refactor.balloon.BirthdayPartyBalloon.&lt;init&gt;(BirthdayPartyBalloon.java:6)
	at scrap.heap.refactor.balloon.BirthdayPartyBalloon.&lt;init&gt;(BirthdayPartyBalloon.java:6)
	at scrap.heap.refactor.balloon.BirthdayPartyBalloon.&lt;init&gt;(BirthdayPartyBalloon.java:6)
	at scrap.heap.refactor.balloon.BirthdayPartyBalloon.&lt;init&gt;(BirthdayPartyBalloon.java:6)
	at scrap.heap.refactor.balloon.BirthdayPartyBalloon.&lt;init&gt;(BirthdayPartyBalloon.java:6)
	at scrap.heap.refactor.balloon.BirthdayPartyBalloon.&lt;init&gt;(BirthdayPartyBalloon.java:6)
	at scrap.heap.refactor.balloon.BirthdayPartyBalloon.&lt;init&gt;(BirthdayPartyBalloon.java:6)
	at scrap.heap.refactor.balloon.BirthdayPartyBalloon.&lt;init&gt;(BirthdayPartyBalloon.java:6)
	at scrap.heap.refactor.balloon.BirthdayPartyBalloon.&lt;init&gt;(BirthdayPartyBalloon.java:6)
	at scrap.heap.refactor.balloon.BirthdayPartyBalloon.&lt;init&gt;(BirthdayPartyBalloon.java:6)
	at scrap.heap.refactor.balloon.BirthdayPartyBalloon.&lt;init&gt;(BirthdayPartyBalloon.java:6)
	at scrap.heap.refactor.balloon.BirthdayPartyBalloon.&lt;init&gt;(BirthdayPartyBalloon.java:6)
	at scrap.heap.refactor.balloon.BirthdayPartyBalloon.&lt;init&gt;(BirthdayPartyBalloon.java:6)
	at scrap.heap.refactor.balloon.BirthdayPartyBalloon.&lt;init&gt;(BirthdayPartyBalloon.java:6)
	at scrap.heap.refactor.balloon.BirthdayPartyBalloon.&lt;init&gt;(BirthdayPartyBalloon.java:6)
	at scrap.heap.refactor.balloon.BirthdayPartyBalloon.&lt;init&gt;(BirthdayPartyBalloon.java:6)
	at scrap.heap.refactor.balloon.BirthdayPartyBalloon.&lt;init&gt;(BirthdayPartyBalloon.java:6)
	at scrap.heap.refactor.balloon.BirthdayPartyBalloon.&lt;init&gt;(BirthdayPartyBalloon.java:6)
	at scrap.heap.refactor.balloon.BirthdayPartyBalloon.&lt;init&gt;(BirthdayPartyBalloon.java:6)
	at scrap.heap.refactor.balloon.BirthdayPartyBalloon.&lt;init&gt;(BirthdayPartyBalloon.java:6)
	at scrap.heap.refactor.balloon.BirthdayPartyBalloon.&lt;init&gt;(BirthdayPartyBalloon.java:6)
	at scrap.heap.refactor.balloon.BirthdayPartyBalloon.&lt;init&gt;(BirthdayPartyBalloon.java:6)
	at scrap.heap.refactor.balloon.BirthdayPartyBalloon.&lt;init&gt;(BirthdayPartyBalloon.java:6)
	at scrap.heap.refactor.balloon.BirthdayPartyBalloon.&lt;init&gt;(BirthdayPartyBalloon.java:6)
	at scrap.heap.refactor.balloon.BirthdayPartyBalloon.&lt;init&gt;(BirthdayPartyBalloon.java:6)
	at scrap.heap.refactor.balloon.BirthdayPartyBalloon.&lt;init&gt;(BirthdayPartyBalloon.java:6)
	at scrap.heap.refactor.balloon.BirthdayPartyBalloon.&lt;init&gt;(BirthdayPartyBalloon.java:6)
	at scrap.heap.refactor.balloon.BirthdayPartyBalloon.&lt;init&gt;(BirthdayPartyBalloon.java:6)
	at scrap.heap.refactor.balloon.BirthdayPartyBalloon.&lt;init&gt;(BirthdayPartyBalloon.java:6)
	at scrap.heap.refactor.balloon.BirthdayPartyBalloon.&lt;init&gt;(BirthdayPartyBalloon.java:6)
	at scrap.heap.refactor.balloon.BirthdayPartyBalloon.&lt;init&gt;(BirthdayPartyBalloon.java:6)
	at scrap.heap.refactor.balloon.BirthdayPartyBalloon.&lt;init&gt;(BirthdayPartyBalloon.java:6)
	at scrap.heap.refactor.balloon.BirthdayPartyBalloon.&lt;init&gt;(BirthdayPartyBalloon.java:6)
	at scrap.heap.refactor.balloon.BirthdayPartyBalloon.&lt;init&gt;(BirthdayPartyBalloon.java:6)
	at scrap.heap.refactor.balloon.BirthdayPartyBalloon.&lt;init&gt;(BirthdayPartyBalloon.java:6)
	at scrap.heap.refactor.balloon.BirthdayPartyBalloon.&lt;init&gt;(BirthdayPartyBalloon.java:6)
	at scrap.heap.refactor.balloon.BirthdayPartyBalloon.&lt;init&gt;(BirthdayPartyBalloon.java:6)
	at scrap.heap.refactor.balloon.BirthdayPartyBalloon.&lt;init&gt;(BirthdayPartyBalloon.java:6)
	at scrap.heap.refactor.balloon.BirthdayPartyBalloon.&lt;init&gt;(BirthdayPartyBalloon.java:6)
	at scrap.heap.refactor.balloon.BirthdayPartyBalloon.&lt;init&gt;(BirthdayPartyBalloon.java:6)
	at scrap.heap.refactor.balloon.BirthdayPartyBalloon.&lt;init&gt;(BirthdayPartyBalloon.java:6)
	at scrap.heap.refactor.balloon.BirthdayPartyBalloon.&lt;init&gt;(BirthdayPartyBalloon.java:6)
	at scrap.heap.refactor.balloon.BirthdayPartyBalloon.&lt;init&gt;(BirthdayPartyBalloon.java:6)
	at scrap.heap.refactor.balloon.BirthdayPartyBalloon.&lt;init&gt;(BirthdayPartyBalloon.java:6)
	at scrap.heap.refactor.balloon.BirthdayPartyBalloon.&lt;init&gt;(BirthdayPartyBalloon.java:6)
	at scrap.heap.refactor.balloon.BirthdayPartyBalloon.&lt;init&gt;(BirthdayPartyBalloon.java:6)
	at scrap.heap.refactor.balloon.BirthdayPartyBalloon.&lt;init&gt;(BirthdayPartyBalloon.java:6)
	at scrap.heap.refactor.balloon.BirthdayPartyBalloon.&lt;init&gt;(BirthdayPartyBalloon.java:6)
	at scrap.heap.refactor.balloon.BirthdayPartyBalloon.&lt;init&gt;(BirthdayPartyBalloon.java:6)
	at scrap.heap.refactor.balloon.BirthdayPartyBalloon.&lt;init&gt;(BirthdayPartyBalloon.java:6)
	at scrap.heap.refactor.balloon.BirthdayPartyBalloon.&lt;init&gt;(BirthdayPartyBalloon.java:6)
	at scrap.heap.refactor.balloon.BirthdayPartyBalloon.&lt;init&gt;(BirthdayPartyBalloon.java:6)
	at scrap.heap.refactor.balloon.BirthdayPartyBalloon.&lt;init&gt;(BirthdayPartyBalloon.java:6)
	at scrap.heap.refactor.balloon.BirthdayPartyBalloon.&lt;init&gt;(BirthdayPartyBalloon.java:6)
	at scrap.heap.refactor.balloon.BirthdayPartyBalloon.&lt;init&gt;(BirthdayPartyBalloon.java:6)
	at scrap.heap.refactor.balloon.BirthdayPartyBalloon.&lt;init&gt;(BirthdayPartyBalloon.java:6)
	at scrap.heap.refactor.balloon.BirthdayPartyBalloon.&lt;init&gt;(BirthdayPartyBalloon.java:6)
	at scrap.heap.refactor.balloon.BirthdayPartyBalloon.&lt;init&gt;(BirthdayPartyBalloon.java:6)
	at scrap.heap.refactor.balloon.BirthdayPartyBalloon.&lt;init&gt;(BirthdayPartyBalloon.java:6)
	at scrap.heap.refactor.balloon.BirthdayPartyBalloon.&lt;init&gt;(BirthdayPartyBalloon.java:6)
	at scrap.heap.refactor.balloon.BirthdayPartyBalloon.&lt;init&gt;(BirthdayPartyBalloon.java:6)
	at scrap.heap.refactor.balloon.BirthdayPartyBalloon.&lt;init&gt;(BirthdayPartyBalloon.java:6)
	at scrap.heap.refactor.balloon.BirthdayPartyBalloon.&lt;init&gt;(BirthdayPartyBalloon.java:6)
	at scrap.heap.refactor.balloon.BirthdayPartyBalloon.&lt;init&gt;(BirthdayPartyBalloon.java:6)
	at scrap.heap.refactor.balloon.BirthdayPartyBalloon.&lt;init&gt;(BirthdayPartyBalloon.java:6)
	at scrap.heap.refactor.balloon.BirthdayPartyBalloon.&lt;init&gt;(BirthdayPartyBalloon.java:6)
	at scrap.heap.refactor.balloon.BirthdayPartyBalloon.&lt;init&gt;(BirthdayPartyBalloon.java:6)
</failure>
  </testcase>
  <system-out><![CDATA[]]></system-out>
  <system-err><![CDATA[]]></system-err>
</testsuite>
